<INFO> 2022-07-22_23:52:49 [__init__] dctrl_cls init
<INFO> 2022-07-22_23:52:49 [__init__] START
<DEBUG> 2022-07-22_23:52:49 [connect_vehicle] START
<DEBUG> 2022-07-22_23:52:49 [connect_vehicle] Connect to vehicle object:/home/sayz/vscrepo/drone_ctrl/dctrl/json/setting.json
<DEBUG> 2022-07-22_23:52:49 [connect_vehicle] /home/sayz/vscrepo/drone_ctrl/dctrl/json/setting.json
<DEBUG> 2022-07-22_23:52:49 [connect_vehicle] SETTING_JSON: /home/sayz/vscrepo/drone_ctrl/dctrl/json/setting.json
<DEBUG> 2022-07-22_23:52:49 [connect_vehicle] connection_string: udp:127.0.0.1:14551
<DEBUG> 2022-07-22_23:52:49 [connect_vehicle] Connecting to vehicle on: udp:127.0.0.1:14551
<DEBUG> 2022-07-22_23:52:50 [connect_vehicle] END
<INFO> 2022-07-22_23:52:55 [<module>] Vehicle初期化完了
<DEBUG> 2022-07-22_23:52:55 [dsp_attributes] START
<INFO> 2022-07-22_23:52:55 [dsp_attributes] 
---- Vehicle attributes ----------------------------------------
<INFO> 2022-07-22_23:52:55 [dsp_attributes] Ardupilot Firmware version: APM:Copter-4.3.0-dev0
<INFO> 2022-07-22_23:52:55 [dsp_attributes]   Major version number: 4
<INFO> 2022-07-22_23:52:55 [dsp_attributes]   Minor version number: 3
<INFO> 2022-07-22_23:52:55 [dsp_attributes]   Patch version number: 0
<INFO> 2022-07-22_23:52:55 [dsp_attributes]   Release type: dev
<INFO> 2022-07-22_23:52:55 [dsp_attributes]   Release version: 0
<INFO> 2022-07-22_23:52:55 [dsp_attributes]   Stable release?: False
<INFO> 2022-07-22_23:52:55 [dsp_attributes] Autopilot capabilities
<INFO> 2022-07-22_23:52:55 [dsp_attributes]   Supports MISSION_FLOAT message type: True
<INFO> 2022-07-22_23:52:55 [dsp_attributes]   Supports PARAM_FLOAT message type: True
<INFO> 2022-07-22_23:52:55 [dsp_attributes]   Supports MISSION_INT message type: True
<INFO> 2022-07-22_23:52:55 [dsp_attributes]   Supports COMMAND_INT message type: True
<INFO> 2022-07-22_23:52:55 [dsp_attributes]   Supports PARAM_UNION message type: False
<INFO> 2022-07-22_23:52:55 [dsp_attributes]   Supports ftp for file transfers: True
<INFO> 2022-07-22_23:52:55 [dsp_attributes]   Supports commanding attitude offboard: True
<INFO> 2022-07-22_23:52:55 [dsp_attributes]   Supports commanding position and velocity targets in local NED frame: True
<INFO> 2022-07-22_23:52:55 [dsp_attributes]   Supports set position + velocity targets in global scaled integers: True
<INFO> 2022-07-22_23:52:55 [dsp_attributes]   Supports terrain protocol / data handling: True
<INFO> 2022-07-22_23:52:55 [dsp_attributes]   Supports direct actuator control: False
<INFO> 2022-07-22_23:52:55 [dsp_attributes]   Supports the flight termination command: True
<INFO> 2022-07-22_23:52:55 [dsp_attributes]   Supports mission_float message type: True
<INFO> 2022-07-22_23:52:55 [dsp_attributes]   Supports onboard compass calibration: True
<INFO> 2022-07-22_23:52:55 [dsp_attributes] Global Location: LocationGlobal:lat=35.889667,lon=139.946291,alt=47.08
<INFO> 2022-07-22_23:52:55 [dsp_attributes] Global Location (relative altitude): LocationGlobalRelative:lat=35.889667,lon=139.946291,alt=30.0
<INFO> 2022-07-22_23:52:55 [dsp_attributes] Local Location: LocationLocal:north=-492.02545166,east=-555.15625,down=-29.970451355
<INFO> 2022-07-22_23:52:55 [dsp_attributes] Attitude: Attitude:pitch=0.00130323029589,yaw=-1.68133807182,roll=0.00106280029286
<INFO> 2022-07-22_23:52:55 [dsp_attributes] Velocity: [0.01, 0.01, 0.0]
<INFO> 2022-07-22_23:52:55 [dsp_attributes] GPS: GPSInfo:fix=6,num_sat=10
<INFO> 2022-07-22_23:52:55 [dsp_attributes] Gimbal status: Gimbal: pitch=None, roll=None, yaw=None
<INFO> 2022-07-22_23:52:55 [dsp_attributes] Battery: Battery:voltage=12.587,current=28.08,level=0
<INFO> 2022-07-22_23:52:55 [dsp_attributes] EKF OK?: True
<INFO> 2022-07-22_23:52:55 [dsp_attributes] Last Heartbeat: 9.90810003714e-05
<INFO> 2022-07-22_23:52:55 [dsp_attributes] Rangefinder: Rangefinder: distance=None, voltage=None
<INFO> 2022-07-22_23:52:55 [dsp_attributes] Rangefinder distance: None
<INFO> 2022-07-22_23:52:55 [dsp_attributes] Rangefinder voltage: None
<INFO> 2022-07-22_23:52:55 [dsp_attributes] Heading: 263
<INFO> 2022-07-22_23:52:55 [dsp_attributes] Is Armable?: True
<INFO> 2022-07-22_23:52:55 [dsp_attributes] System status: ACTIVE
<INFO> 2022-07-22_23:52:55 [dsp_attributes] Groundspeed: 0.0212765764445
<INFO> 2022-07-22_23:52:55 [dsp_attributes] Airspeed: 0.00800000037998
<INFO> 2022-07-22_23:52:55 [dsp_attributes] Mode: GUIDED
<INFO> 2022-07-22_23:52:55 [dsp_attributes] Armed: True
<INFO> 2022-07-22_23:52:55 [dsp_attributes] ----------------------------------------------------------------

<DEBUG> 2022-07-22_23:52:55 [dsp_attributes] END
<DEBUG> 2022-07-22_23:52:55 [pub_drone_info] {"status": {"isArmable": "True", "Arm": "True", "FlightMode": "GUIDED"}, "position": {"latitude": "35.889667", "altitude": "30.0", "heading": "263", "longitude": "139.946291"}}
<DEBUG> 2022-07-22_23:52:55 [pub_drone_info] {"status": {"isArmable": "True", "Arm": "True", "FlightMode": "GUIDED"}, "position": {"latitude": "35.889667", "altitude": "30.0", "heading": "263", "longitude": "139.946291"}}
<DEBUG> 2022-07-22_23:52:56 [pub_drone_info] {"status": {"isArmable": "True", "Arm": "True", "FlightMode": "GUIDED"}, "position": {"latitude": "35.889667", "altitude": "30.0", "heading": "263", "longitude": "139.946291"}}
<DEBUG> 2022-07-22_23:52:57 [pub_drone_info] {"status": {"isArmable": "True", "Arm": "True", "FlightMode": "GUIDED"}, "position": {"latitude": "35.889667", "altitude": "29.999", "heading": "263", "longitude": "139.946291"}}
<DEBUG> 2022-07-22_23:52:58 [pub_drone_info] {"status": {"isArmable": "True", "Arm": "True", "FlightMode": "GUIDED"}, "position": {"latitude": "35.889667", "altitude": "29.998", "heading": "263", "longitude": "139.946291"}}
<DEBUG> 2022-07-22_23:52:59 [pub_drone_info] {"status": {"isArmable": "True", "Arm": "True", "FlightMode": "GUIDED"}, "position": {"latitude": "35.889667", "altitude": "29.999", "heading": "263", "longitude": "139.946291"}}
<DEBUG> 2022-07-22_23:53:00 [pub_drone_info] {"status": {"isArmable": "True", "Arm": "True", "FlightMode": "GUIDED"}, "position": {"latitude": "35.889667", "altitude": "30.0", "heading": "263", "longitude": "139.946291"}}
<DEBUG> 2022-07-22_23:53:01 [pub_drone_info] {"status": {"isArmable": "True", "Arm": "True", "FlightMode": "GUIDED"}, "position": {"latitude": "35.889667", "altitude": "30.0", "heading": "263", "longitude": "139.946291"}}
<DEBUG> 2022-07-22_23:53:02 [pub_drone_info] {"status": {"isArmable": "True", "Arm": "True", "FlightMode": "GUIDED"}, "position": {"latitude": "35.889667", "altitude": "30.0", "heading": "263", "longitude": "139.946291"}}
<DEBUG> 2022-07-22_23:53:03 [pub_drone_info] {"status": {"isArmable": "True", "Arm": "True", "FlightMode": "GUIDED"}, "position": {"latitude": "35.889667", "altitude": "30.0", "heading": "263", "longitude": "139.946291"}}
<DEBUG> 2022-07-22_23:53:04 [pub_drone_info] {"status": {"isArmable": "True", "Arm": "True", "FlightMode": "GUIDED"}, "position": {"latitude": "35.889667", "altitude": "30.0", "heading": "263", "longitude": "139.946291"}}
<DEBUG> 2022-07-22_23:53:05 [pub_drone_info] {"status": {"isArmable": "True", "Arm": "True", "FlightMode": "GUIDED"}, "position": {"latitude": "35.889667", "altitude": "29.998", "heading": "263", "longitude": "139.946291"}}
<DEBUG> 2022-07-22_23:53:06 [pub_drone_info] {"status": {"isArmable": "True", "Arm": "True", "FlightMode": "GUIDED"}, "position": {"latitude": "35.889667", "altitude": "29.999", "heading": "263", "longitude": "139.946291"}}
<DEBUG> 2022-07-22_23:53:07 [pub_drone_info] {"status": {"isArmable": "True", "Arm": "True", "FlightMode": "GUIDED"}, "position": {"latitude": "35.889667", "altitude": "30.0", "heading": "263", "longitude": "139.946291"}}
<DEBUG> 2022-07-22_23:53:08 [pub_drone_info] {"status": {"isArmable": "True", "Arm": "True", "FlightMode": "GUIDED"}, "position": {"latitude": "35.889667", "altitude": "30.0", "heading": "263", "longitude": "139.946291"}}
<DEBUG> 2022-07-22_23:53:09 [pub_drone_info] {"status": {"isArmable": "True", "Arm": "True", "FlightMode": "GUIDED"}, "position": {"latitude": "35.889667", "altitude": "30.0", "heading": "263", "longitude": "139.946291"}}
<DEBUG> 2022-07-22_23:53:11 [pub_drone_info] {"status": {"isArmable": "True", "Arm": "True", "FlightMode": "GUIDED"}, "position": {"latitude": "35.889667", "altitude": "30.0", "heading": "263", "longitude": "139.946291"}}
<DEBUG> 2022-07-22_23:53:12 [pub_drone_info] {"status": {"isArmable": "True", "Arm": "True", "FlightMode": "GUIDED"}, "position": {"latitude": "35.889667", "altitude": "29.999", "heading": "263", "longitude": "139.946291"}}
<DEBUG> 2022-07-22_23:53:13 [pub_drone_info] {"status": {"isArmable": "True", "Arm": "True", "FlightMode": "GUIDED"}, "position": {"latitude": "35.889667", "altitude": "29.998", "heading": "263", "longitude": "139.946291"}}
<DEBUG> 2022-07-22_23:53:14 [pub_drone_info] {"status": {"isArmable": "True", "Arm": "True", "FlightMode": "GUIDED"}, "position": {"latitude": "35.889667", "altitude": "29.999", "heading": "263", "longitude": "139.946291"}}
<DEBUG> 2022-07-22_23:53:15 [pub_drone_info] {"status": {"isArmable": "True", "Arm": "True", "FlightMode": "GUIDED"}, "position": {"latitude": "35.889667", "altitude": "30.0", "heading": "263", "longitude": "139.946291"}}
<DEBUG> 2022-07-22_23:53:16 [pub_drone_info] {"status": {"isArmable": "True", "Arm": "True", "FlightMode": "GUIDED"}, "position": {"latitude": "35.889667", "altitude": "30.0", "heading": "263", "longitude": "139.946291"}}
<DEBUG> 2022-07-22_23:53:17 [pub_drone_info] {"status": {"isArmable": "True", "Arm": "True", "FlightMode": "GUIDED"}, "position": {"latitude": "35.889667", "altitude": "30.0", "heading": "263", "longitude": "139.946291"}}
<DEBUG> 2022-07-22_23:53:18 [pub_drone_info] {"status": {"isArmable": "True", "Arm": "True", "FlightMode": "GUIDED"}, "position": {"latitude": "35.889667", "altitude": "30.0", "heading": "263", "longitude": "139.946291"}}
<DEBUG> 2022-07-22_23:53:19 [pub_drone_info] {"status": {"isArmable": "True", "Arm": "True", "FlightMode": "GUIDED"}, "position": {"latitude": "35.889667", "altitude": "30.0", "heading": "263", "longitude": "139.946291"}}
<DEBUG> 2022-07-22_23:53:20 [pub_drone_info] {"status": {"isArmable": "True", "Arm": "True", "FlightMode": "GUIDED"}, "position": {"latitude": "35.889667", "altitude": "30.0", "heading": "263", "longitude": "139.946291"}}
<DEBUG> 2022-07-22_23:53:21 [pub_drone_info] {"status": {"isArmable": "True", "Arm": "True", "FlightMode": "GUIDED"}, "position": {"latitude": "35.889667", "altitude": "29.999", "heading": "263", "longitude": "139.946291"}}
<DEBUG> 2022-07-22_23:53:22 [pub_drone_info] {"status": {"isArmable": "True", "Arm": "True", "FlightMode": "GUIDED"}, "position": {"latitude": "35.889667", "altitude": "29.998", "heading": "263", "longitude": "139.946291"}}
<DEBUG> 2022-07-22_23:53:23 [pub_drone_info] {"status": {"isArmable": "True", "Arm": "True", "FlightMode": "GUIDED"}, "position": {"latitude": "35.889667", "altitude": "30.0", "heading": "263", "longitude": "139.946291"}}
<DEBUG> 2022-07-22_23:53:24 [pub_drone_info] {"status": {"isArmable": "True", "Arm": "True", "FlightMode": "GUIDED"}, "position": {"latitude": "35.889667", "altitude": "30.0", "heading": "263", "longitude": "139.946291"}}
<DEBUG> 2022-07-22_23:53:25 [pub_drone_info] {"status": {"isArmable": "True", "Arm": "True", "FlightMode": "GUIDED"}, "position": {"latitude": "35.889667", "altitude": "30.0", "heading": "263", "longitude": "139.946291"}}
<DEBUG> 2022-07-22_23:53:26 [pub_drone_info] {"status": {"isArmable": "True", "Arm": "True", "FlightMode": "GUIDED"}, "position": {"latitude": "35.889667", "altitude": "30.0", "heading": "263", "longitude": "139.946291"}}
<DEBUG> 2022-07-22_23:53:27 [pub_drone_info] {"status": {"isArmable": "True", "Arm": "True", "FlightMode": "GUIDED"}, "position": {"latitude": "35.889667", "altitude": "29.999", "heading": "263", "longitude": "139.946291"}}
<DEBUG> 2022-07-22_23:53:28 [pub_drone_info] {"status": {"isArmable": "True", "Arm": "True", "FlightMode": "GUIDED"}, "position": {"latitude": "35.889667", "altitude": "29.999", "heading": "263", "longitude": "139.946291"}}
<DEBUG> 2022-07-22_23:53:29 [pub_drone_info] {"status": {"isArmable": "True", "Arm": "True", "FlightMode": "GUIDED"}, "position": {"latitude": "35.889667", "altitude": "30.0", "heading": "263", "longitude": "139.946291"}}
<DEBUG> 2022-07-22_23:53:30 [pub_drone_info] {"status": {"isArmable": "True", "Arm": "True", "FlightMode": "GUIDED"}, "position": {"latitude": "35.889667", "altitude": "30.0", "heading": "263", "longitude": "139.946291"}}
<DEBUG> 2022-07-22_23:53:31 [pub_drone_info] {"status": {"isArmable": "True", "Arm": "True", "FlightMode": "GUIDED"}, "position": {"latitude": "35.889667", "altitude": "30.0", "heading": "263", "longitude": "139.946291"}}
<DEBUG> 2022-07-22_23:53:32 [pub_drone_info] {"status": {"isArmable": "True", "Arm": "True", "FlightMode": "GUIDED"}, "position": {"latitude": "35.889667", "altitude": "30.0", "heading": "263", "longitude": "139.946291"}}
<DEBUG> 2022-07-22_23:53:33 [pub_drone_info] {"status": {"isArmable": "True", "Arm": "True", "FlightMode": "GUIDED"}, "position": {"latitude": "35.889667", "altitude": "29.999", "heading": "263", "longitude": "139.946291"}}
<DEBUG> 2022-07-22_23:53:34 [pub_drone_info] {"status": {"isArmable": "True", "Arm": "True", "FlightMode": "GUIDED"}, "position": {"latitude": "35.889667", "altitude": "29.998", "heading": "263", "longitude": "139.946291"}}
<DEBUG> 2022-07-22_23:53:35 [pub_drone_info] {"status": {"isArmable": "True", "Arm": "True", "FlightMode": "GUIDED"}, "position": {"latitude": "35.889667", "altitude": "29.999", "heading": "263", "longitude": "139.946291"}}
<DEBUG> 2022-07-22_23:53:36 [pub_drone_info] {"status": {"isArmable": "True", "Arm": "True", "FlightMode": "GUIDED"}, "position": {"latitude": "35.889667", "altitude": "30.0", "heading": "263", "longitude": "139.946291"}}
<DEBUG> 2022-07-22_23:53:37 [pub_drone_info] {"status": {"isArmable": "True", "Arm": "True", "FlightMode": "GUIDED"}, "position": {"latitude": "35.889667", "altitude": "30.0", "heading": "263", "longitude": "139.946291"}}
<DEBUG> 2022-07-22_23:53:38 [pub_drone_info] {"status": {"isArmable": "True", "Arm": "True", "FlightMode": "GUIDED"}, "position": {"latitude": "35.889667", "altitude": "30.0", "heading": "263", "longitude": "139.946291"}}
<DEBUG> 2022-07-22_23:53:39 [pub_drone_info] {"status": {"isArmable": "True", "Arm": "True", "FlightMode": "GUIDED"}, "position": {"latitude": "35.889667", "altitude": "30.0", "heading": "263", "longitude": "139.946291"}}
<DEBUG> 2022-07-22_23:53:40 [pub_drone_info] {"status": {"isArmable": "True", "Arm": "True", "FlightMode": "GUIDED"}, "position": {"latitude": "35.889667", "altitude": "29.998", "heading": "263", "longitude": "139.946291"}}
<DEBUG> 2022-07-22_23:53:41 [pub_drone_info] {"status": {"isArmable": "True", "Arm": "True", "FlightMode": "GUIDED"}, "position": {"latitude": "35.889667", "altitude": "30.0", "heading": "263", "longitude": "139.946291"}}
<DEBUG> 2022-07-22_23:53:42 [pub_drone_info] {"status": {"isArmable": "True", "Arm": "True", "FlightMode": "GUIDED"}, "position": {"latitude": "35.889667", "altitude": "30.0", "heading": "263", "longitude": "139.946291"}}
<DEBUG> 2022-07-22_23:53:43 [pub_drone_info] {"status": {"isArmable": "True", "Arm": "True", "FlightMode": "GUIDED"}, "position": {"latitude": "35.889667", "altitude": "30.0", "heading": "263", "longitude": "139.946291"}}
<DEBUG> 2022-07-22_23:53:44 [pub_drone_info] {"status": {"isArmable": "True", "Arm": "True", "FlightMode": "GUIDED"}, "position": {"latitude": "35.889667", "altitude": "30.0", "heading": "263", "longitude": "139.946291"}}
<DEBUG> 2022-07-22_23:53:45 [pub_drone_info] {"status": {"isArmable": "True", "Arm": "True", "FlightMode": "GUIDED"}, "position": {"latitude": "35.889667", "altitude": "30.0", "heading": "263", "longitude": "139.946291"}}
<DEBUG> 2022-07-22_23:53:46 [pub_drone_info] {"status": {"isArmable": "True", "Arm": "True", "FlightMode": "GUIDED"}, "position": {"latitude": "35.889667", "altitude": "30.0", "heading": "263", "longitude": "139.946291"}}
<DEBUG> 2022-07-22_23:53:47 [pub_drone_info] {"status": {"isArmable": "True", "Arm": "True", "FlightMode": "GUIDED"}, "position": {"latitude": "35.889667", "altitude": "29.999", "heading": "263", "longitude": "139.946291"}}
<DEBUG> 2022-07-22_23:53:48 [pub_drone_info] {"status": {"isArmable": "True", "Arm": "True", "FlightMode": "GUIDED"}, "position": {"latitude": "35.889667", "altitude": "29.999", "heading": "263", "longitude": "139.946291"}}
<DEBUG> 2022-07-22_23:53:49 [pub_drone_info] {"status": {"isArmable": "True", "Arm": "True", "FlightMode": "GUIDED"}, "position": {"latitude": "35.889667", "altitude": "30.0", "heading": "263", "longitude": "139.946291"}}
<DEBUG> 2022-07-22_23:53:50 [pub_drone_info] {"status": {"isArmable": "True", "Arm": "True", "FlightMode": "GUIDED"}, "position": {"latitude": "35.889667", "altitude": "30.0", "heading": "263", "longitude": "139.946291"}}
<DEBUG> 2022-07-22_23:53:51 [pub_drone_info] {"status": {"isArmable": "True", "Arm": "True", "FlightMode": "GUIDED"}, "position": {"latitude": "35.889667", "altitude": "30.0", "heading": "263", "longitude": "139.946291"}}
<DEBUG> 2022-07-22_23:53:52 [pub_drone_info] {"status": {"isArmable": "True", "Arm": "True", "FlightMode": "GUIDED"}, "position": {"latitude": "35.889667", "altitude": "30.0", "heading": "263", "longitude": "139.946291"}}
<DEBUG> 2022-07-22_23:53:53 [pub_drone_info] {"status": {"isArmable": "True", "Arm": "True", "FlightMode": "GUIDED"}, "position": {"latitude": "35.889667", "altitude": "30.0", "heading": "263", "longitude": "139.946291"}}
<DEBUG> 2022-07-22_23:53:54 [pub_drone_info] {"status": {"isArmable": "True", "Arm": "True", "FlightMode": "GUIDED"}, "position": {"latitude": "35.889667", "altitude": "30.0", "heading": "263", "longitude": "139.946291"}}
<DEBUG> 2022-07-22_23:53:55 [pub_drone_info] {"status": {"isArmable": "True", "Arm": "True", "FlightMode": "GUIDED"}, "position": {"latitude": "35.889667", "altitude": "30.0", "heading": "263", "longitude": "139.946291"}}
<DEBUG> 2022-07-22_23:53:56 [pub_drone_info] {"status": {"isArmable": "True", "Arm": "True", "FlightMode": "GUIDED"}, "position": {"latitude": "35.889667", "altitude": "30.0", "heading": "263", "longitude": "139.946291"}}
<DEBUG> 2022-07-22_23:53:57 [pub_drone_info] {"status": {"isArmable": "True", "Arm": "True", "FlightMode": "GUIDED"}, "position": {"latitude": "35.889667", "altitude": "30.0", "heading": "263", "longitude": "139.946291"}}
<DEBUG> 2022-07-22_23:53:58 [pub_drone_info] {"status": {"isArmable": "True", "Arm": "True", "FlightMode": "GUIDED"}, "position": {"latitude": "35.889667", "altitude": "30.0", "heading": "263", "longitude": "139.946291"}}
<DEBUG> 2022-07-22_23:53:59 [pub_drone_info] {"status": {"isArmable": "True", "Arm": "True", "FlightMode": "GUIDED"}, "position": {"latitude": "35.889667", "altitude": "29.999", "heading": "263", "longitude": "139.946291"}}
<DEBUG> 2022-07-22_23:54:00 [pub_drone_info] {"status": {"isArmable": "True", "Arm": "True", "FlightMode": "GUIDED"}, "position": {"latitude": "35.889667", "altitude": "29.998", "heading": "263", "longitude": "139.946291"}}
<DEBUG> 2022-07-22_23:54:01 [pub_drone_info] {"status": {"isArmable": "True", "Arm": "True", "FlightMode": "GUIDED"}, "position": {"latitude": "35.889667", "altitude": "29.999", "heading": "263", "longitude": "139.946291"}}
<DEBUG> 2022-07-22_23:54:02 [pub_drone_info] {"status": {"isArmable": "True", "Arm": "True", "FlightMode": "GUIDED"}, "position": {"latitude": "35.889667", "altitude": "30.0", "heading": "263", "longitude": "139.946291"}}
<DEBUG> 2022-07-22_23:54:03 [pub_drone_info] {"status": {"isArmable": "True", "Arm": "True", "FlightMode": "GUIDED"}, "position": {"latitude": "35.889667", "altitude": "30.0", "heading": "263", "longitude": "139.946291"}}
<DEBUG> 2022-07-22_23:54:04 [pub_drone_info] {"status": {"isArmable": "True", "Arm": "True", "FlightMode": "GUIDED"}, "position": {"latitude": "35.889667", "altitude": "30.0", "heading": "263", "longitude": "139.946291"}}
<DEBUG> 2022-07-22_23:54:05 [pub_drone_info] {"status": {"isArmable": "True", "Arm": "True", "FlightMode": "GUIDED"}, "position": {"latitude": "35.889667", "altitude": "30.0", "heading": "263", "longitude": "139.946291"}}
<DEBUG> 2022-07-22_23:54:06 [pub_drone_info] {"status": {"isArmable": "True", "Arm": "True", "FlightMode": "GUIDED"}, "position": {"latitude": "35.889667", "altitude": "30.0", "heading": "263", "longitude": "139.946291"}}
<DEBUG> 2022-07-22_23:54:07 [pub_drone_info] {"status": {"isArmable": "True", "Arm": "True", "FlightMode": "GUIDED"}, "position": {"latitude": "35.889667", "altitude": "30.0", "heading": "263", "longitude": "139.946291"}}
<DEBUG> 2022-07-22_23:54:08 [pub_drone_info] {"status": {"isArmable": "True", "Arm": "True", "FlightMode": "GUIDED"}, "position": {"latitude": "35.889667", "altitude": "30.0", "heading": "263", "longitude": "139.946291"}}
<DEBUG> 2022-07-22_23:54:09 [pub_drone_info] {"status": {"isArmable": "True", "Arm": "True", "FlightMode": "GUIDED"}, "position": {"latitude": "35.889667", "altitude": "29.999", "heading": "263", "longitude": "139.946291"}}
<DEBUG> 2022-07-22_23:54:10 [pub_drone_info] {"status": {"isArmable": "True", "Arm": "True", "FlightMode": "GUIDED"}, "position": {"latitude": "35.889667", "altitude": "29.999", "heading": "263", "longitude": "139.946291"}}
<DEBUG> 2022-07-22_23:54:11 [pub_drone_info] {"status": {"isArmable": "True", "Arm": "True", "FlightMode": "GUIDED"}, "position": {"latitude": "35.889667", "altitude": "30.0", "heading": "263", "longitude": "139.946291"}}
<DEBUG> 2022-07-22_23:54:12 [pub_drone_info] {"status": {"isArmable": "True", "Arm": "True", "FlightMode": "GUIDED"}, "position": {"latitude": "35.889667", "altitude": "30.0", "heading": "263", "longitude": "139.946291"}}
<DEBUG> 2022-07-22_23:54:13 [pub_drone_info] {"status": {"isArmable": "True", "Arm": "True", "FlightMode": "GUIDED"}, "position": {"latitude": "35.889667", "altitude": "30.0", "heading": "263", "longitude": "139.946291"}}
<DEBUG> 2022-07-22_23:54:14 [pub_drone_info] {"status": {"isArmable": "True", "Arm": "True", "FlightMode": "GUIDED"}, "position": {"latitude": "35.889667", "altitude": "30.0", "heading": "263", "longitude": "139.946291"}}
<DEBUG> 2022-07-22_23:54:15 [pub_drone_info] {"status": {"isArmable": "True", "Arm": "True", "FlightMode": "GUIDED"}, "position": {"latitude": "35.889667", "altitude": "30.0", "heading": "263", "longitude": "139.946291"}}
<DEBUG> 2022-07-22_23:54:16 [pub_drone_info] {"status": {"isArmable": "True", "Arm": "True", "FlightMode": "GUIDED"}, "position": {"latitude": "35.889667", "altitude": "29.999", "heading": "263", "longitude": "139.946291"}}
<DEBUG> 2022-07-22_23:54:17 [pub_drone_info] {"status": {"isArmable": "True", "Arm": "True", "FlightMode": "GUIDED"}, "position": {"latitude": "35.889667", "altitude": "29.999", "heading": "263", "longitude": "139.946291"}}
<DEBUG> 2022-07-22_23:54:18 [pub_drone_info] {"status": {"isArmable": "True", "Arm": "True", "FlightMode": "GUIDED"}, "position": {"latitude": "35.889667", "altitude": "30.0", "heading": "263", "longitude": "139.946291"}}
<DEBUG> 2022-07-22_23:54:19 [pub_drone_info] {"status": {"isArmable": "True", "Arm": "True", "FlightMode": "GUIDED"}, "position": {"latitude": "35.889667", "altitude": "30.0", "heading": "263", "longitude": "139.946291"}}
<DEBUG> 2022-07-22_23:54:20 [pub_drone_info] {"status": {"isArmable": "True", "Arm": "True", "FlightMode": "GUIDED"}, "position": {"latitude": "35.889667", "altitude": "30.0", "heading": "263", "longitude": "139.946291"}}
<DEBUG> 2022-07-22_23:54:21 [pub_drone_info] {"status": {"isArmable": "True", "Arm": "True", "FlightMode": "GUIDED"}, "position": {"latitude": "35.889667", "altitude": "30.0", "heading": "263", "longitude": "139.946291"}}
<DEBUG> 2022-07-22_23:54:22 [pub_drone_info] {"status": {"isArmable": "True", "Arm": "True", "FlightMode": "GUIDED"}, "position": {"latitude": "35.889667", "altitude": "30.0", "heading": "263", "longitude": "139.946291"}}
<DEBUG> 2022-07-22_23:54:23 [pub_drone_info] {"status": {"isArmable": "True", "Arm": "True", "FlightMode": "GUIDED"}, "position": {"latitude": "35.889667", "altitude": "29.999", "heading": "263", "longitude": "139.946291"}}
<DEBUG> 2022-07-22_23:54:24 [pub_drone_info] {"status": {"isArmable": "True", "Arm": "True", "FlightMode": "GUIDED"}, "position": {"latitude": "35.889667", "altitude": "29.998", "heading": "263", "longitude": "139.946291"}}
<DEBUG> 2022-07-22_23:54:25 [pub_drone_info] {"status": {"isArmable": "True", "Arm": "True", "FlightMode": "GUIDED"}, "position": {"latitude": "35.889667", "altitude": "29.999", "heading": "263", "longitude": "139.946291"}}
<DEBUG> 2022-07-22_23:54:26 [pub_drone_info] {"status": {"isArmable": "True", "Arm": "True", "FlightMode": "GUIDED"}, "position": {"latitude": "35.889667", "altitude": "30.0", "heading": "263", "longitude": "139.946291"}}
<DEBUG> 2022-07-22_23:54:27 [pub_drone_info] {"status": {"isArmable": "True", "Arm": "True", "FlightMode": "GUIDED"}, "position": {"latitude": "35.889667", "altitude": "30.0", "heading": "263", "longitude": "139.946291"}}
<DEBUG> 2022-07-22_23:54:28 [pub_drone_info] {"status": {"isArmable": "True", "Arm": "True", "FlightMode": "GUIDED"}, "position": {"latitude": "35.889667", "altitude": "30.0", "heading": "263", "longitude": "139.946291"}}
<DEBUG> 2022-07-22_23:54:29 [pub_drone_info] {"status": {"isArmable": "True", "Arm": "True", "FlightMode": "GUIDED"}, "position": {"latitude": "35.889667", "altitude": "29.999", "heading": "263", "longitude": "139.946291"}}
<DEBUG> 2022-07-22_23:54:30 [pub_drone_info] {"status": {"isArmable": "True", "Arm": "True", "FlightMode": "GUIDED"}, "position": {"latitude": "35.889667", "altitude": "29.998", "heading": "263", "longitude": "139.946291"}}
<DEBUG> 2022-07-22_23:54:31 [pub_drone_info] {"status": {"isArmable": "True", "Arm": "True", "FlightMode": "GUIDED"}, "position": {"latitude": "35.889667", "altitude": "29.999", "heading": "263", "longitude": "139.946291"}}
<DEBUG> 2022-07-22_23:54:32 [pub_drone_info] {"status": {"isArmable": "True", "Arm": "True", "FlightMode": "GUIDED"}, "position": {"latitude": "35.889667", "altitude": "30.0", "heading": "263", "longitude": "139.946291"}}
<DEBUG> 2022-07-22_23:54:33 [pub_drone_info] {"status": {"isArmable": "True", "Arm": "True", "FlightMode": "GUIDED"}, "position": {"latitude": "35.889667", "altitude": "30.0", "heading": "263", "longitude": "139.946291"}}
<DEBUG> 2022-07-22_23:54:34 [pub_drone_info] {"status": {"isArmable": "True", "Arm": "True", "FlightMode": "GUIDED"}, "position": {"latitude": "35.889667", "altitude": "30.0", "heading": "263", "longitude": "139.946291"}}
<DEBUG> 2022-07-22_23:54:35 [pub_drone_info] {"status": {"isArmable": "True", "Arm": "True", "FlightMode": "GUIDED"}, "position": {"latitude": "35.889667", "altitude": "30.0", "heading": "263", "longitude": "139.946291"}}
<DEBUG> 2022-07-22_23:54:36 [pub_drone_info] {"status": {"isArmable": "True", "Arm": "True", "FlightMode": "GUIDED"}, "position": {"latitude": "35.889667", "altitude": "30.0", "heading": "263", "longitude": "139.946291"}}
<DEBUG> 2022-07-22_23:54:37 [pub_drone_info] {"status": {"isArmable": "True", "Arm": "True", "FlightMode": "GUIDED"}, "position": {"latitude": "35.889667", "altitude": "30.0", "heading": "263", "longitude": "139.946291"}}
<DEBUG> 2022-07-22_23:54:38 [pub_drone_info] {"status": {"isArmable": "True", "Arm": "True", "FlightMode": "GUIDED"}, "position": {"latitude": "35.889667", "altitude": "29.999", "heading": "263", "longitude": "139.946291"}}
<DEBUG> 2022-07-22_23:54:39 [pub_drone_info] {"status": {"isArmable": "True", "Arm": "True", "FlightMode": "GUIDED"}, "position": {"latitude": "35.889667", "altitude": "29.999", "heading": "263", "longitude": "139.946291"}}
<DEBUG> 2022-07-22_23:54:40 [pub_drone_info] {"status": {"isArmable": "True", "Arm": "True", "FlightMode": "GUIDED"}, "position": {"latitude": "35.889667", "altitude": "30.0", "heading": "263", "longitude": "139.946291"}}
<DEBUG> 2022-07-22_23:54:41 [pub_drone_info] {"status": {"isArmable": "True", "Arm": "True", "FlightMode": "GUIDED"}, "position": {"latitude": "35.889667", "altitude": "30.0", "heading": "263", "longitude": "139.946291"}}
<DEBUG> 2022-07-22_23:54:42 [pub_drone_info] {"status": {"isArmable": "True", "Arm": "True", "FlightMode": "GUIDED"}, "position": {"latitude": "35.889667", "altitude": "30.0", "heading": "263", "longitude": "139.946291"}}
<DEBUG> 2022-07-22_23:54:43 [pub_drone_info] {"status": {"isArmable": "True", "Arm": "True", "FlightMode": "GUIDED"}, "position": {"latitude": "35.889667", "altitude": "30.0", "heading": "263", "longitude": "139.946291"}}
<DEBUG> 2022-07-22_23:54:44 [pub_drone_info] {"status": {"isArmable": "True", "Arm": "True", "FlightMode": "GUIDED"}, "position": {"latitude": "35.889667", "altitude": "30.0", "heading": "263", "longitude": "139.946291"}}
<DEBUG> 2022-07-22_23:54:45 [pub_drone_info] {"status": {"isArmable": "True", "Arm": "True", "FlightMode": "GUIDED"}, "position": {"latitude": "35.889667", "altitude": "29.998", "heading": "263", "longitude": "139.946291"}}
<DEBUG> 2022-07-22_23:54:46 [pub_drone_info] {"status": {"isArmable": "True", "Arm": "True", "FlightMode": "GUIDED"}, "position": {"latitude": "35.889667", "altitude": "29.999", "heading": "263", "longitude": "139.946291"}}
<DEBUG> 2022-07-22_23:54:47 [pub_drone_info] {"status": {"isArmable": "True", "Arm": "True", "FlightMode": "GUIDED"}, "position": {"latitude": "35.889667", "altitude": "30.0", "heading": "263", "longitude": "139.946291"}}
<DEBUG> 2022-07-22_23:54:48 [pub_drone_info] {"status": {"isArmable": "True", "Arm": "True", "FlightMode": "GUIDED"}, "position": {"latitude": "35.889667", "altitude": "30.0", "heading": "263", "longitude": "139.946291"}}
<DEBUG> 2022-07-22_23:54:49 [pub_drone_info] {"status": {"isArmable": "True", "Arm": "True", "FlightMode": "GUIDED"}, "position": {"latitude": "35.889667", "altitude": "30.0", "heading": "263", "longitude": "139.946291"}}
<DEBUG> 2022-07-22_23:54:50 [pub_drone_info] {"status": {"isArmable": "True", "Arm": "True", "FlightMode": "GUIDED"}, "position": {"latitude": "35.889667", "altitude": "30.0", "heading": "263", "longitude": "139.946291"}}
<DEBUG> 2022-07-22_23:54:51 [pub_drone_info] {"status": {"isArmable": "True", "Arm": "True", "FlightMode": "GUIDED"}, "position": {"latitude": "35.889667", "altitude": "29.999", "heading": "263", "longitude": "139.946291"}}
<DEBUG> 2022-07-22_23:54:52 [pub_drone_info] {"status": {"isArmable": "True", "Arm": "True", "FlightMode": "GUIDED"}, "position": {"latitude": "35.889667", "altitude": "29.998", "heading": "263", "longitude": "139.946291"}}
<DEBUG> 2022-07-22_23:54:53 [pub_drone_info] {"status": {"isArmable": "True", "Arm": "True", "FlightMode": "GUIDED"}, "position": {"latitude": "35.889667", "altitude": "29.999", "heading": "263", "longitude": "139.946291"}}
<DEBUG> 2022-07-22_23:54:54 [pub_drone_info] {"status": {"isArmable": "True", "Arm": "True", "FlightMode": "GUIDED"}, "position": {"latitude": "35.889667", "altitude": "30.0", "heading": "263", "longitude": "139.946291"}}
<DEBUG> 2022-07-22_23:54:55 [pub_drone_info] {"status": {"isArmable": "True", "Arm": "True", "FlightMode": "GUIDED"}, "position": {"latitude": "35.889667", "altitude": "30.0", "heading": "263", "longitude": "139.946291"}}
<DEBUG> 2022-07-22_23:54:56 [pub_drone_info] {"status": {"isArmable": "True", "Arm": "True", "FlightMode": "GUIDED"}, "position": {"latitude": "35.889667", "altitude": "30.0", "heading": "263", "longitude": "139.946291"}}
<DEBUG> 2022-07-22_23:54:57 [pub_drone_info] {"status": {"isArmable": "True", "Arm": "True", "FlightMode": "GUIDED"}, "position": {"latitude": "35.889667", "altitude": "29.999", "heading": "263", "longitude": "139.946291"}}
<DEBUG> 2022-07-22_23:54:58 [pub_drone_info] {"status": {"isArmable": "True", "Arm": "True", "FlightMode": "GUIDED"}, "position": {"latitude": "35.889667", "altitude": "29.998", "heading": "263", "longitude": "139.946291"}}
<DEBUG> 2022-07-22_23:54:59 [pub_drone_info] {"status": {"isArmable": "True", "Arm": "True", "FlightMode": "GUIDED"}, "position": {"latitude": "35.889667", "altitude": "29.999", "heading": "263", "longitude": "139.946291"}}
<DEBUG> 2022-07-22_23:55:00 [pub_drone_info] {"status": {"isArmable": "True", "Arm": "True", "FlightMode": "GUIDED"}, "position": {"latitude": "35.889667", "altitude": "30.0", "heading": "263", "longitude": "139.946291"}}
<DEBUG> 2022-07-22_23:55:01 [pub_drone_info] {"status": {"isArmable": "True", "Arm": "True", "FlightMode": "GUIDED"}, "position": {"latitude": "35.889667", "altitude": "30.0", "heading": "263", "longitude": "139.946291"}}
<DEBUG> 2022-07-22_23:55:02 [pub_drone_info] {"status": {"isArmable": "True", "Arm": "True", "FlightMode": "GUIDED"}, "position": {"latitude": "35.889667", "altitude": "30.0", "heading": "263", "longitude": "139.946291"}}
<DEBUG> 2022-07-22_23:55:03 [pub_drone_info] {"status": {"isArmable": "True", "Arm": "True", "FlightMode": "GUIDED"}, "position": {"latitude": "35.889667", "altitude": "30.0", "heading": "263", "longitude": "139.946291"}}
<DEBUG> 2022-07-22_23:55:04 [pub_drone_info] {"status": {"isArmable": "True", "Arm": "True", "FlightMode": "GUIDED"}, "position": {"latitude": "35.889667", "altitude": "29.998", "heading": "263", "longitude": "139.946291"}}
<DEBUG> 2022-07-22_23:55:05 [pub_drone_info] {"status": {"isArmable": "True", "Arm": "True", "FlightMode": "GUIDED"}, "position": {"latitude": "35.889667", "altitude": "29.999", "heading": "263", "longitude": "139.946291"}}
<DEBUG> 2022-07-22_23:55:06 [pub_drone_info] {"status": {"isArmable": "True", "Arm": "True", "FlightMode": "GUIDED"}, "position": {"latitude": "35.889667", "altitude": "30.0", "heading": "263", "longitude": "139.946291"}}
<DEBUG> 2022-07-22_23:55:07 [pub_drone_info] {"status": {"isArmable": "True", "Arm": "True", "FlightMode": "GUIDED"}, "position": {"latitude": "35.889667", "altitude": "30.0", "heading": "263", "longitude": "139.946291"}}
<DEBUG> 2022-07-22_23:55:08 [pub_drone_info] {"status": {"isArmable": "True", "Arm": "True", "FlightMode": "GUIDED"}, "position": {"latitude": "35.889667", "altitude": "30.0", "heading": "263", "longitude": "139.946291"}}
<DEBUG> 2022-07-22_23:55:09 [pub_drone_info] {"status": {"isArmable": "True", "Arm": "True", "FlightMode": "GUIDED"}, "position": {"latitude": "35.889667", "altitude": "30.0", "heading": "263", "longitude": "139.946291"}}
<DEBUG> 2022-07-22_23:55:10 [pub_drone_info] {"status": {"isArmable": "True", "Arm": "True", "FlightMode": "GUIDED"}, "position": {"latitude": "35.889667", "altitude": "30.0", "heading": "263", "longitude": "139.946291"}}
<DEBUG> 2022-07-22_23:55:11 [pub_drone_info] {"status": {"isArmable": "True", "Arm": "True", "FlightMode": "GUIDED"}, "position": {"latitude": "35.889667", "altitude": "30.0", "heading": "263", "longitude": "139.946291"}}
<DEBUG> 2022-07-22_23:55:12 [pub_drone_info] {"status": {"isArmable": "True", "Arm": "True", "FlightMode": "GUIDED"}, "position": {"latitude": "35.889667", "altitude": "29.999", "heading": "263", "longitude": "139.946291"}}
<DEBUG> 2022-07-22_23:55:13 [pub_drone_info] {"status": {"isArmable": "True", "Arm": "True", "FlightMode": "GUIDED"}, "position": {"latitude": "35.889667", "altitude": "29.999", "heading": "263", "longitude": "139.946291"}}
<DEBUG> 2022-07-22_23:55:14 [pub_drone_info] {"status": {"isArmable": "True", "Arm": "True", "FlightMode": "GUIDED"}, "position": {"latitude": "35.889667", "altitude": "30.0", "heading": "263", "longitude": "139.946291"}}
<DEBUG> 2022-07-22_23:55:15 [pub_drone_info] {"status": {"isArmable": "True", "Arm": "True", "FlightMode": "GUIDED"}, "position": {"latitude": "35.889667", "altitude": "30.0", "heading": "263", "longitude": "139.946291"}}
<DEBUG> 2022-07-22_23:55:16 [pub_drone_info] {"status": {"isArmable": "True", "Arm": "True", "FlightMode": "GUIDED"}, "position": {"latitude": "35.889667", "altitude": "30.0", "heading": "263", "longitude": "139.946291"}}
<DEBUG> 2022-07-22_23:55:17 [pub_drone_info] {"status": {"isArmable": "True", "Arm": "True", "FlightMode": "GUIDED"}, "position": {"latitude": "35.889667", "altitude": "30.0", "heading": "263", "longitude": "139.946291"}}
<DEBUG> 2022-07-22_23:55:18 [pub_drone_info] {"status": {"isArmable": "True", "Arm": "True", "FlightMode": "GUIDED"}, "position": {"latitude": "35.889667", "altitude": "30.0", "heading": "263", "longitude": "139.946291"}}
<DEBUG> 2022-07-22_23:55:19 [pub_drone_info] {"status": {"isArmable": "True", "Arm": "True", "FlightMode": "GUIDED"}, "position": {"latitude": "35.889667", "altitude": "29.999", "heading": "263", "longitude": "139.946291"}}
<DEBUG> 2022-07-22_23:55:20 [pub_drone_info] {"status": {"isArmable": "True", "Arm": "True", "FlightMode": "GUIDED"}, "position": {"latitude": "35.889667", "altitude": "29.999", "heading": "263", "longitude": "139.946291"}}
<DEBUG> 2022-07-22_23:55:21 [pub_drone_info] {"status": {"isArmable": "True", "Arm": "True", "FlightMode": "GUIDED"}, "position": {"latitude": "35.889667", "altitude": "30.0", "heading": "263", "longitude": "139.946291"}}
<DEBUG> 2022-07-22_23:55:22 [pub_drone_info] {"status": {"isArmable": "True", "Arm": "True", "FlightMode": "GUIDED"}, "position": {"latitude": "35.889667", "altitude": "30.0", "heading": "263", "longitude": "139.946291"}}
<DEBUG> 2022-07-22_23:55:23 [pub_drone_info] {"status": {"isArmable": "True", "Arm": "True", "FlightMode": "GUIDED"}, "position": {"latitude": "35.889667", "altitude": "30.0", "heading": "263", "longitude": "139.946291"}}
<DEBUG> 2022-07-22_23:55:24 [pub_drone_info] {"status": {"isArmable": "True", "Arm": "True", "FlightMode": "GUIDED"}, "position": {"latitude": "35.889667", "altitude": "30.0", "heading": "263", "longitude": "139.946291"}}
<DEBUG> 2022-07-22_23:55:25 [pub_drone_info] {"status": {"isArmable": "True", "Arm": "True", "FlightMode": "GUIDED"}, "position": {"latitude": "35.889667", "altitude": "30.0", "heading": "263", "longitude": "139.946291"}}
<DEBUG> 2022-07-22_23:55:26 [pub_drone_info] {"status": {"isArmable": "True", "Arm": "True", "FlightMode": "GUIDED"}, "position": {"latitude": "35.889667", "altitude": "30.0", "heading": "263", "longitude": "139.946291"}}
<DEBUG> 2022-07-22_23:55:27 [pub_drone_info] {"status": {"isArmable": "True", "Arm": "True", "FlightMode": "GUIDED"}, "position": {"latitude": "35.889667", "altitude": "29.999", "heading": "263", "longitude": "139.946291"}}
<DEBUG> 2022-07-22_23:55:28 [pub_drone_info] {"status": {"isArmable": "True", "Arm": "True", "FlightMode": "GUIDED"}, "position": {"latitude": "35.889667", "altitude": "29.999", "heading": "263", "longitude": "139.946291"}}
<DEBUG> 2022-07-22_23:55:29 [pub_drone_info] {"status": {"isArmable": "True", "Arm": "True", "FlightMode": "GUIDED"}, "position": {"latitude": "35.8896671", "altitude": "30.0", "heading": "263", "longitude": "139.946291"}}
<DEBUG> 2022-07-22_23:55:30 [pub_drone_info] {"status": {"isArmable": "True", "Arm": "True", "FlightMode": "GUIDED"}, "position": {"latitude": "35.889667", "altitude": "30.0", "heading": "263", "longitude": "139.946291"}}
<DEBUG> 2022-07-22_23:55:31 [pub_drone_info] {"status": {"isArmable": "True", "Arm": "True", "FlightMode": "GUIDED"}, "position": {"latitude": "35.8896671", "altitude": "30.0", "heading": "263", "longitude": "139.946291"}}
<DEBUG> 2022-07-22_23:55:32 [pub_drone_info] {"status": {"isArmable": "True", "Arm": "True", "FlightMode": "GUIDED"}, "position": {"latitude": "35.8896671", "altitude": "30.0", "heading": "263", "longitude": "139.946291"}}
<DEBUG> 2022-07-22_23:55:33 [pub_drone_info] {"status": {"isArmable": "True", "Arm": "True", "FlightMode": "GUIDED"}, "position": {"latitude": "35.8896671", "altitude": "30.0", "heading": "263", "longitude": "139.9462911"}}
<DEBUG> 2022-07-22_23:55:34 [pub_drone_info] {"status": {"isArmable": "True", "Arm": "True", "FlightMode": "GUIDED"}, "position": {"latitude": "35.8896671", "altitude": "29.999", "heading": "263", "longitude": "139.9462911"}}
<DEBUG> 2022-07-22_23:55:35 [pub_drone_info] {"status": {"isArmable": "True", "Arm": "True", "FlightMode": "GUIDED"}, "position": {"latitude": "35.8896671", "altitude": "29.999", "heading": "263", "longitude": "139.9462911"}}
<DEBUG> 2022-07-22_23:55:36 [pub_drone_info] {"status": {"isArmable": "True", "Arm": "True", "FlightMode": "GUIDED"}, "position": {"latitude": "35.8896671", "altitude": "30.0", "heading": "263", "longitude": "139.9462911"}}
<DEBUG> 2022-07-22_23:55:37 [pub_drone_info] {"status": {"isArmable": "True", "Arm": "True", "FlightMode": "GUIDED"}, "position": {"latitude": "35.8896671", "altitude": "30.0", "heading": "263", "longitude": "139.9462912"}}
<DEBUG> 2022-07-22_23:55:38 [pub_drone_info] {"status": {"isArmable": "True", "Arm": "True", "FlightMode": "GUIDED"}, "position": {"latitude": "35.8896672", "altitude": "30.0", "heading": "263", "longitude": "139.9462912"}}
<DEBUG> 2022-07-22_23:55:39 [pub_drone_info] {"status": {"isArmable": "True", "Arm": "True", "FlightMode": "GUIDED"}, "position": {"latitude": "35.8896672", "altitude": "29.999", "heading": "263", "longitude": "139.9462912"}}
<DEBUG> 2022-07-22_23:55:40 [pub_drone_info] {"status": {"isArmable": "True", "Arm": "True", "FlightMode": "GUIDED"}, "position": {"latitude": "35.8896672", "altitude": "29.998", "heading": "263", "longitude": "139.9462912"}}
<DEBUG> 2022-07-22_23:55:41 [pub_drone_info] {"status": {"isArmable": "True", "Arm": "True", "FlightMode": "GUIDED"}, "position": {"latitude": "35.8896672", "altitude": "29.999", "heading": "263", "longitude": "139.9462912"}}
<DEBUG> 2022-07-22_23:55:42 [pub_drone_info] {"status": {"isArmable": "True", "Arm": "True", "FlightMode": "GUIDED"}, "position": {"latitude": "35.8896672", "altitude": "30.0", "heading": "263", "longitude": "139.9462912"}}
<DEBUG> 2022-07-22_23:55:43 [pub_drone_info] {"status": {"isArmable": "True", "Arm": "True", "FlightMode": "GUIDED"}, "position": {"latitude": "35.8896672", "altitude": "30.0", "heading": "263", "longitude": "139.9462912"}}
<DEBUG> 2022-07-22_23:55:44 [pub_drone_info] {"status": {"isArmable": "True", "Arm": "True", "FlightMode": "GUIDED"}, "position": {"latitude": "35.8896672", "altitude": "30.0", "heading": "263", "longitude": "139.9462912"}}
<DEBUG> 2022-07-22_23:55:45 [pub_drone_info] {"status": {"isArmable": "True", "Arm": "True", "FlightMode": "GUIDED"}, "position": {"latitude": "35.8896672", "altitude": "30.0", "heading": "263", "longitude": "139.9462913"}}
<DEBUG> 2022-07-22_23:55:46 [pub_drone_info] {"status": {"isArmable": "True", "Arm": "True", "FlightMode": "GUIDED"}, "position": {"latitude": "35.8896673", "altitude": "29.999", "heading": "263", "longitude": "139.9462913"}}
<DEBUG> 2022-07-22_23:55:47 [pub_drone_info] {"status": {"isArmable": "True", "Arm": "True", "FlightMode": "GUIDED"}, "position": {"latitude": "35.8896673", "altitude": "29.998", "heading": "263", "longitude": "139.9462913"}}
<DEBUG> 2022-07-22_23:55:48 [pub_drone_info] {"status": {"isArmable": "True", "Arm": "True", "FlightMode": "GUIDED"}, "position": {"latitude": "35.8896673", "altitude": "29.999", "heading": "263", "longitude": "139.9462913"}}
<DEBUG> 2022-07-22_23:55:49 [pub_drone_info] {"status": {"isArmable": "True", "Arm": "True", "FlightMode": "GUIDED"}, "position": {"latitude": "35.8896673", "altitude": "30.0", "heading": "263", "longitude": "139.9462913"}}
<DEBUG> 2022-07-22_23:55:50 [pub_drone_info] {"status": {"isArmable": "True", "Arm": "True", "FlightMode": "GUIDED"}, "position": {"latitude": "35.8896673", "altitude": "30.0", "heading": "263", "longitude": "139.9462913"}}
<DEBUG> 2022-07-22_23:55:51 [pub_drone_info] {"status": {"isArmable": "True", "Arm": "True", "FlightMode": "GUIDED"}, "position": {"latitude": "35.8896673", "altitude": "30.0", "heading": "263", "longitude": "139.9462913"}}
<DEBUG> 2022-07-22_23:55:52 [pub_drone_info] {"status": {"isArmable": "True", "Arm": "True", "FlightMode": "GUIDED"}, "position": {"latitude": "35.8896673", "altitude": "29.999", "heading": "263", "longitude": "139.9462913"}}
<DEBUG> 2022-07-22_23:55:53 [pub_drone_info] {"status": {"isArmable": "True", "Arm": "True", "FlightMode": "GUIDED"}, "position": {"latitude": "35.8896673", "altitude": "29.998", "heading": "263", "longitude": "139.9462913"}}
<DEBUG> 2022-07-22_23:55:54 [pub_drone_info] {"status": {"isArmable": "True", "Arm": "True", "FlightMode": "GUIDED"}, "position": {"latitude": "35.8896673", "altitude": "30.0", "heading": "263", "longitude": "139.9462913"}}
<DEBUG> 2022-07-22_23:55:55 [pub_drone_info] {"status": {"isArmable": "True", "Arm": "True", "FlightMode": "GUIDED"}, "position": {"latitude": "35.8896673", "altitude": "30.0", "heading": "263", "longitude": "139.9462913"}}
<DEBUG> 2022-07-22_23:55:56 [pub_drone_info] {"status": {"isArmable": "True", "Arm": "True", "FlightMode": "GUIDED"}, "position": {"latitude": "35.8896673", "altitude": "30.0", "heading": "263", "longitude": "139.9462913"}}
<DEBUG> 2022-07-22_23:55:57 [pub_drone_info] {"status": {"isArmable": "True", "Arm": "True", "FlightMode": "GUIDED"}, "position": {"latitude": "35.8896673", "altitude": "30.0", "heading": "263", "longitude": "139.9462913"}}
<DEBUG> 2022-07-22_23:55:58 [pub_drone_info] {"status": {"isArmable": "True", "Arm": "True", "FlightMode": "GUIDED"}, "position": {"latitude": "35.8896673", "altitude": "30.0", "heading": "263", "longitude": "139.9462913"}}
<DEBUG> 2022-07-22_23:55:59 [pub_drone_info] {"status": {"isArmable": "True", "Arm": "True", "FlightMode": "GUIDED"}, "position": {"latitude": "35.8896673", "altitude": "29.998", "heading": "263", "longitude": "139.9462913"}}
<DEBUG> 2022-07-22_23:56:00 [pub_drone_info] {"status": {"isArmable": "True", "Arm": "True", "FlightMode": "GUIDED"}, "position": {"latitude": "35.8896673", "altitude": "29.999", "heading": "263", "longitude": "139.9462913"}}
<DEBUG> 2022-07-22_23:56:01 [pub_drone_info] {"status": {"isArmable": "True", "Arm": "True", "FlightMode": "GUIDED"}, "position": {"latitude": "35.8896673", "altitude": "30.0", "heading": "263", "longitude": "139.9462913"}}
<DEBUG> 2022-07-22_23:56:02 [pub_drone_info] {"status": {"isArmable": "True", "Arm": "True", "FlightMode": "GUIDED"}, "position": {"latitude": "35.8896673", "altitude": "30.0", "heading": "263", "longitude": "139.9462913"}}
<DEBUG> 2022-07-22_23:56:03 [pub_drone_info] {"status": {"isArmable": "True", "Arm": "True", "FlightMode": "GUIDED"}, "position": {"latitude": "35.8896673", "altitude": "30.0", "heading": "263", "longitude": "139.9462913"}}
<DEBUG> 2022-07-22_23:56:04 [pub_drone_info] {"status": {"isArmable": "True", "Arm": "True", "FlightMode": "GUIDED"}, "position": {"latitude": "35.8896673", "altitude": "30.0", "heading": "263", "longitude": "139.9462913"}}
<DEBUG> 2022-07-22_23:56:05 [pub_drone_info] {"status": {"isArmable": "True", "Arm": "True", "FlightMode": "GUIDED"}, "position": {"latitude": "35.8896673", "altitude": "29.999", "heading": "263", "longitude": "139.9462913"}}
<DEBUG> 2022-07-22_23:56:06 [pub_drone_info] {"status": {"isArmable": "True", "Arm": "True", "FlightMode": "GUIDED"}, "position": {"latitude": "35.8896673", "altitude": "29.998", "heading": "263", "longitude": "139.9462913"}}
<DEBUG> 2022-07-22_23:56:07 [pub_drone_info] {"status": {"isArmable": "True", "Arm": "True", "FlightMode": "GUIDED"}, "position": {"latitude": "35.8896673", "altitude": "29.999", "heading": "263", "longitude": "139.9462913"}}
<DEBUG> 2022-07-22_23:56:08 [pub_drone_info] {"status": {"isArmable": "True", "Arm": "True", "FlightMode": "GUIDED"}, "position": {"latitude": "35.8896673", "altitude": "30.0", "heading": "263", "longitude": "139.9462913"}}
<DEBUG> 2022-07-22_23:56:09 [pub_drone_info] {"status": {"isArmable": "True", "Arm": "True", "FlightMode": "GUIDED"}, "position": {"latitude": "35.8896673", "altitude": "30.0", "heading": "263", "longitude": "139.9462913"}}
<DEBUG> 2022-07-22_23:56:10 [pub_drone_info] {"status": {"isArmable": "True", "Arm": "True", "FlightMode": "GUIDED"}, "position": {"latitude": "35.8896673", "altitude": "30.0", "heading": "263", "longitude": "139.9462913"}}
<DEBUG> 2022-07-22_23:56:11 [pub_drone_info] {"status": {"isArmable": "True", "Arm": "True", "FlightMode": "GUIDED"}, "position": {"latitude": "35.8896673", "altitude": "29.999", "heading": "263", "longitude": "139.9462913"}}
<DEBUG> 2022-07-22_23:56:12 [pub_drone_info] {"status": {"isArmable": "True", "Arm": "True", "FlightMode": "GUIDED"}, "position": {"latitude": "35.8896673", "altitude": "29.999", "heading": "263", "longitude": "139.9462913"}}
<DEBUG> 2022-07-22_23:56:13 [pub_drone_info] {"status": {"isArmable": "True", "Arm": "True", "FlightMode": "GUIDED"}, "position": {"latitude": "35.8896673", "altitude": "30.0", "heading": "263", "longitude": "139.9462913"}}
<DEBUG> 2022-07-22_23:56:14 [pub_drone_info] {"status": {"isArmable": "True", "Arm": "True", "FlightMode": "GUIDED"}, "position": {"latitude": "35.8896673", "altitude": "30.0", "heading": "263", "longitude": "139.9462913"}}
<DEBUG> 2022-07-22_23:56:15 [pub_drone_info] {"status": {"isArmable": "True", "Arm": "True", "FlightMode": "GUIDED"}, "position": {"latitude": "35.8896673", "altitude": "30.0", "heading": "263", "longitude": "139.9462913"}}
<DEBUG> 2022-07-22_23:56:16 [pub_drone_info] {"status": {"isArmable": "True", "Arm": "True", "FlightMode": "GUIDED"}, "position": {"latitude": "35.8896673", "altitude": "30.0", "heading": "263", "longitude": "139.9462913"}}
<INFO> 2022-07-22_23:56:17 [<module>] Close vehicle object
<INFO> 2022-07-22_23:56:17 [<module>] プログラム終了
<CRITICAL> 2022-07-22_23:56:17 [<module>] キーボード例外処理発生
<INFO> 2022-07-22_23:56:22 [__init__] dctrl_cls init
<INFO> 2022-07-22_23:56:22 [__init__] START
<DEBUG> 2022-07-22_23:56:22 [connect_vehicle] START
<DEBUG> 2022-07-22_23:56:22 [connect_vehicle] Connect to vehicle object:/home/sayz/vscrepo/drone_ctrl/dctrl/json/setting.json
<DEBUG> 2022-07-22_23:56:22 [connect_vehicle] /home/sayz/vscrepo/drone_ctrl/dctrl/json/setting.json
<DEBUG> 2022-07-22_23:56:22 [connect_vehicle] SETTING_JSON: /home/sayz/vscrepo/drone_ctrl/dctrl/json/setting.json
<DEBUG> 2022-07-22_23:56:22 [connect_vehicle] connection_string: udp:127.0.0.1:14551
<DEBUG> 2022-07-22_23:56:22 [connect_vehicle] Connecting to vehicle on: udp:127.0.0.1:14551
<DEBUG> 2022-07-22_23:56:40 [connect_vehicle] END
<INFO> 2022-07-22_23:56:45 [<module>] Vehicle初期化完了
<DEBUG> 2022-07-22_23:56:45 [dsp_attributes] START
<INFO> 2022-07-22_23:56:45 [dsp_attributes] 
---- Vehicle attributes ----------------------------------------
<INFO> 2022-07-22_23:56:45 [dsp_attributes] Ardupilot Firmware version: APM:Copter-4.3.0-dev0
<INFO> 2022-07-22_23:56:45 [dsp_attributes]   Major version number: 4
<INFO> 2022-07-22_23:56:45 [dsp_attributes]   Minor version number: 3
<INFO> 2022-07-22_23:56:45 [dsp_attributes]   Patch version number: 0
<INFO> 2022-07-22_23:56:45 [dsp_attributes]   Release type: dev
<INFO> 2022-07-22_23:56:45 [dsp_attributes]   Release version: 0
<INFO> 2022-07-22_23:56:45 [dsp_attributes]   Stable release?: False
<INFO> 2022-07-22_23:56:45 [dsp_attributes] Autopilot capabilities
<INFO> 2022-07-22_23:56:45 [dsp_attributes]   Supports MISSION_FLOAT message type: True
<INFO> 2022-07-22_23:56:45 [dsp_attributes]   Supports PARAM_FLOAT message type: True
<INFO> 2022-07-22_23:56:45 [dsp_attributes]   Supports MISSION_INT message type: True
<INFO> 2022-07-22_23:56:45 [dsp_attributes]   Supports COMMAND_INT message type: True
<INFO> 2022-07-22_23:56:45 [dsp_attributes]   Supports PARAM_UNION message type: False
<INFO> 2022-07-22_23:56:45 [dsp_attributes]   Supports ftp for file transfers: True
<INFO> 2022-07-22_23:56:45 [dsp_attributes]   Supports commanding attitude offboard: True
<INFO> 2022-07-22_23:56:45 [dsp_attributes]   Supports commanding position and velocity targets in local NED frame: True
<INFO> 2022-07-22_23:56:45 [dsp_attributes]   Supports set position + velocity targets in global scaled integers: True
<INFO> 2022-07-22_23:56:45 [dsp_attributes]   Supports terrain protocol / data handling: True
<INFO> 2022-07-22_23:56:45 [dsp_attributes]   Supports direct actuator control: False
<INFO> 2022-07-22_23:56:45 [dsp_attributes]   Supports the flight termination command: True
<INFO> 2022-07-22_23:56:45 [dsp_attributes]   Supports mission_float message type: True
<INFO> 2022-07-22_23:56:45 [dsp_attributes]   Supports onboard compass calibration: True
<INFO> 2022-07-22_23:56:45 [dsp_attributes] Global Location: LocationGlobal:lat=35.894087,lon=139.952447,alt=17.1
<INFO> 2022-07-22_23:56:45 [dsp_attributes] Global Location (relative altitude): LocationGlobalRelative:lat=35.894087,lon=139.952447,alt=-0.027
<INFO> 2022-07-22_23:56:45 [dsp_attributes] Local Location: LocationLocal:north=None,east=None,down=None
<INFO> 2022-07-22_23:56:45 [dsp_attributes] Attitude: Attitude:pitch=0.000126364902826,yaw=-0.157711416483,roll=0.000359405617928
<INFO> 2022-07-22_23:56:45 [dsp_attributes] Velocity: [0.0, 0.0, 0.0]
<INFO> 2022-07-22_23:56:45 [dsp_attributes] GPS: GPSInfo:fix=6,num_sat=10
<INFO> 2022-07-22_23:56:45 [dsp_attributes] Gimbal status: Gimbal: pitch=None, roll=None, yaw=None
<INFO> 2022-07-22_23:56:45 [dsp_attributes] Battery: Battery:voltage=12.587,current=0.0,level=100
<INFO> 2022-07-22_23:56:45 [dsp_attributes] EKF OK?: False
<INFO> 2022-07-22_23:56:45 [dsp_attributes] Last Heartbeat: 0.270294863003
<INFO> 2022-07-22_23:56:45 [dsp_attributes] Rangefinder: Rangefinder: distance=None, voltage=None
<INFO> 2022-07-22_23:56:45 [dsp_attributes] Rangefinder distance: None
<INFO> 2022-07-22_23:56:45 [dsp_attributes] Rangefinder voltage: None
<INFO> 2022-07-22_23:56:45 [dsp_attributes] Heading: 350
<INFO> 2022-07-22_23:56:45 [dsp_attributes] Is Armable?: False
<INFO> 2022-07-22_23:56:45 [dsp_attributes] System status: STANDBY
<INFO> 2022-07-22_23:56:45 [dsp_attributes] Groundspeed: 0.00461420649663
<INFO> 2022-07-22_23:56:45 [dsp_attributes] Airspeed: 0.0
<INFO> 2022-07-22_23:56:45 [dsp_attributes] Mode: STABILIZE
<INFO> 2022-07-22_23:56:45 [dsp_attributes] Armed: False
<INFO> 2022-07-22_23:56:45 [dsp_attributes] ----------------------------------------------------------------

<DEBUG> 2022-07-22_23:56:45 [dsp_attributes] END
<DEBUG> 2022-07-22_23:56:45 [pub_drone_info] {"status": {"isArmable": "False", "Arm": "False", "FlightMode": "STABILIZE"}, "position": {"latitude": "35.894087", "altitude": "-0.027", "heading": "350", "longitude": "139.952447"}}
<DEBUG> 2022-07-22_23:56:45 [pub_drone_info] {"status": {"isArmable": "False", "Arm": "False", "FlightMode": "STABILIZE"}, "position": {"latitude": "35.894087", "altitude": "-0.027", "heading": "350", "longitude": "139.952447"}}
<DEBUG> 2022-07-22_23:56:46 [pub_drone_info] {"status": {"isArmable": "False", "Arm": "False", "FlightMode": "STABILIZE"}, "position": {"latitude": "35.894087", "altitude": "-0.027", "heading": "350", "longitude": "139.952447"}}
<DEBUG> 2022-07-22_23:56:47 [pub_drone_info] {"status": {"isArmable": "False", "Arm": "False", "FlightMode": "STABILIZE"}, "position": {"latitude": "35.894087", "altitude": "-0.027", "heading": "350", "longitude": "139.952447"}}
<DEBUG> 2022-07-22_23:56:48 [pub_drone_info] {"status": {"isArmable": "False", "Arm": "False", "FlightMode": "STABILIZE"}, "position": {"latitude": "35.894087", "altitude": "-0.007", "heading": "350", "longitude": "139.952447"}}
<DEBUG> 2022-07-22_23:56:49 [pub_drone_info] {"status": {"isArmable": "False", "Arm": "False", "FlightMode": "STABILIZE"}, "position": {"latitude": "35.894087", "altitude": "-0.008", "heading": "351", "longitude": "139.952447"}}
<DEBUG> 2022-07-22_23:56:50 [pub_drone_info] {"status": {"isArmable": "False", "Arm": "False", "FlightMode": "STABILIZE"}, "position": {"latitude": "35.894087", "altitude": "-0.009", "heading": "351", "longitude": "139.952447"}}
<DEBUG> 2022-07-22_23:56:51 [pub_drone_info] {"status": {"isArmable": "False", "Arm": "False", "FlightMode": "STABILIZE"}, "position": {"latitude": "35.894087", "altitude": "-0.01", "heading": "351", "longitude": "139.952447"}}
<DEBUG> 2022-07-22_23:56:52 [pub_drone_info] {"status": {"isArmable": "False", "Arm": "False", "FlightMode": "STABILIZE"}, "position": {"latitude": "35.894087", "altitude": "-0.011", "heading": "351", "longitude": "139.952447"}}
<DEBUG> 2022-07-22_23:56:53 [pub_drone_info] {"status": {"isArmable": "False", "Arm": "False", "FlightMode": "STABILIZE"}, "position": {"latitude": "35.894087", "altitude": "-0.011", "heading": "351", "longitude": "139.952447"}}
<DEBUG> 2022-07-22_23:56:54 [pub_drone_info] {"status": {"isArmable": "False", "Arm": "False", "FlightMode": "STABILIZE"}, "position": {"latitude": "35.894087", "altitude": "-0.012", "heading": "351", "longitude": "139.952447"}}
<DEBUG> 2022-07-22_23:56:55 [pub_drone_info] {"status": {"isArmable": "False", "Arm": "False", "FlightMode": "STABILIZE"}, "position": {"latitude": "35.894087", "altitude": "-0.012", "heading": "351", "longitude": "139.952447"}}
<DEBUG> 2022-07-22_23:56:56 [pub_drone_info] {"status": {"isArmable": "False", "Arm": "False", "FlightMode": "STABILIZE"}, "position": {"latitude": "35.894087", "altitude": "-0.013", "heading": "351", "longitude": "139.952447"}}
<DEBUG> 2022-07-22_23:56:57 [pub_drone_info] {"status": {"isArmable": "False", "Arm": "False", "FlightMode": "STABILIZE"}, "position": {"latitude": "35.894087", "altitude": "-0.013", "heading": "351", "longitude": "139.952447"}}
<DEBUG> 2022-07-22_23:56:58 [pub_drone_info] {"status": {"isArmable": "False", "Arm": "False", "FlightMode": "STABILIZE"}, "position": {"latitude": "35.894087", "altitude": "-0.014", "heading": "351", "longitude": "139.952447"}}
<DEBUG> 2022-07-22_23:56:59 [pub_drone_info] {"status": {"isArmable": "False", "Arm": "False", "FlightMode": "STABILIZE"}, "position": {"latitude": "35.894087", "altitude": "-0.014", "heading": "351", "longitude": "139.952447"}}
<DEBUG> 2022-07-22_23:57:00 [pub_drone_info] {"status": {"isArmable": "False", "Arm": "False", "FlightMode": "STABILIZE"}, "position": {"latitude": "35.894087", "altitude": "-0.014", "heading": "351", "longitude": "139.952447"}}
<DEBUG> 2022-07-22_23:57:01 [pub_drone_info] {"status": {"isArmable": "False", "Arm": "False", "FlightMode": "STABILIZE"}, "position": {"latitude": "35.894087", "altitude": "-0.015", "heading": "351", "longitude": "139.952447"}}
<DEBUG> 2022-07-22_23:57:02 [pub_drone_info] {"status": {"isArmable": "False", "Arm": "False", "FlightMode": "STABILIZE"}, "position": {"latitude": "35.894087", "altitude": "-0.015", "heading": "351", "longitude": "139.952447"}}
<DEBUG> 2022-07-22_23:57:03 [pub_drone_info] {"status": {"isArmable": "False", "Arm": "False", "FlightMode": "STABILIZE"}, "position": {"latitude": "35.894087", "altitude": "-0.016", "heading": "351", "longitude": "139.952447"}}
<DEBUG> 2022-07-22_23:57:04 [pub_drone_info] {"status": {"isArmable": "False", "Arm": "False", "FlightMode": "STABILIZE"}, "position": {"latitude": "35.894087", "altitude": "-0.016", "heading": "351", "longitude": "139.952447"}}
<DEBUG> 2022-07-22_23:57:05 [pub_drone_info] {"status": {"isArmable": "False", "Arm": "False", "FlightMode": "STABILIZE"}, "position": {"latitude": "35.894087", "altitude": "-0.016", "heading": "351", "longitude": "139.952447"}}
<DEBUG> 2022-07-22_23:57:06 [pub_drone_info] {"status": {"isArmable": "False", "Arm": "False", "FlightMode": "STABILIZE"}, "position": {"latitude": "35.894087", "altitude": "-0.017", "heading": "351", "longitude": "139.952447"}}
<DEBUG> 2022-07-22_23:57:07 [pub_drone_info] {"status": {"isArmable": "False", "Arm": "False", "FlightMode": "STABILIZE"}, "position": {"latitude": "35.894087", "altitude": "-0.017", "heading": "351", "longitude": "139.952447"}}
<DEBUG> 2022-07-22_23:57:08 [pub_drone_info] {"status": {"isArmable": "False", "Arm": "False", "FlightMode": "STABILIZE"}, "position": {"latitude": "35.894087", "altitude": "-0.017", "heading": "352", "longitude": "139.952447"}}
<DEBUG> 2022-07-22_23:57:09 [pub_drone_info] {"status": {"isArmable": "False", "Arm": "False", "FlightMode": "STABILIZE"}, "position": {"latitude": "35.894087", "altitude": "-0.017", "heading": "352", "longitude": "139.952447"}}
<DEBUG> 2022-07-22_23:57:10 [pub_drone_info] {"status": {"isArmable": "False", "Arm": "False", "FlightMode": "STABILIZE"}, "position": {"latitude": "35.894087", "altitude": "-0.017", "heading": "352", "longitude": "139.952447"}}
<DEBUG> 2022-07-22_23:57:11 [pub_drone_info] {"status": {"isArmable": "True", "Arm": "False", "FlightMode": "STABILIZE"}, "position": {"latitude": "35.894087", "altitude": "-0.017", "heading": "352", "longitude": "139.952447"}}
<DEBUG> 2022-07-22_23:57:12 [pub_drone_info] {"status": {"isArmable": "True", "Arm": "False", "FlightMode": "STABILIZE"}, "position": {"latitude": "35.894087", "altitude": "-0.017", "heading": "352", "longitude": "139.952447"}}
<DEBUG> 2022-07-22_23:57:13 [pub_drone_info] {"status": {"isArmable": "True", "Arm": "False", "FlightMode": "STABILIZE"}, "position": {"latitude": "35.894087", "altitude": "-0.017", "heading": "352", "longitude": "139.9524471"}}
<DEBUG> 2022-07-22_23:57:14 [pub_drone_info] {"status": {"isArmable": "True", "Arm": "False", "FlightMode": "STABILIZE"}, "position": {"latitude": "35.894087", "altitude": "-0.017", "heading": "352", "longitude": "139.9524471"}}
<DEBUG> 2022-07-22_23:57:15 [pub_drone_info] {"status": {"isArmable": "True", "Arm": "False", "FlightMode": "STABILIZE"}, "position": {"latitude": "35.894087", "altitude": "-0.017", "heading": "352", "longitude": "139.9524471"}}
<DEBUG> 2022-07-22_23:57:16 [pub_drone_info] {"status": {"isArmable": "True", "Arm": "False", "FlightMode": "STABILIZE"}, "position": {"latitude": "35.894087", "altitude": "-0.017", "heading": "352", "longitude": "139.9524471"}}
<DEBUG> 2022-07-22_23:57:17 [pub_drone_info] {"status": {"isArmable": "True", "Arm": "False", "FlightMode": "STABILIZE"}, "position": {"latitude": "35.894087", "altitude": "-0.017", "heading": "352", "longitude": "139.9524471"}}
<DEBUG> 2022-07-22_23:57:18 [pub_drone_info] {"status": {"isArmable": "True", "Arm": "False", "FlightMode": "STABILIZE"}, "position": {"latitude": "35.894087", "altitude": "-0.017", "heading": "352", "longitude": "139.9524471"}}
<DEBUG> 2022-07-22_23:57:19 [pub_drone_info] {"status": {"isArmable": "True", "Arm": "False", "FlightMode": "STABILIZE"}, "position": {"latitude": "35.894087", "altitude": "-0.017", "heading": "352", "longitude": "139.9524471"}}
<DEBUG> 2022-07-22_23:57:20 [pub_drone_info] {"status": {"isArmable": "True", "Arm": "False", "FlightMode": "STABILIZE"}, "position": {"latitude": "35.894087", "altitude": "-0.017", "heading": "352", "longitude": "139.9524471"}}
<DEBUG> 2022-07-22_23:57:21 [pub_drone_info] {"status": {"isArmable": "True", "Arm": "False", "FlightMode": "STABILIZE"}, "position": {"latitude": "35.894087", "altitude": "-0.017", "heading": "352", "longitude": "139.9524471"}}
<DEBUG> 2022-07-22_23:57:22 [pub_drone_info] {"status": {"isArmable": "True", "Arm": "False", "FlightMode": "STABILIZE"}, "position": {"latitude": "35.894087", "altitude": "-0.017", "heading": "352", "longitude": "139.9524471"}}
<DEBUG> 2022-07-22_23:57:23 [pub_drone_info] {"status": {"isArmable": "True", "Arm": "False", "FlightMode": "STABILIZE"}, "position": {"latitude": "35.894087", "altitude": "-0.017", "heading": "352", "longitude": "139.9524471"}}
<DEBUG> 2022-07-22_23:57:24 [pub_drone_info] {"status": {"isArmable": "True", "Arm": "False", "FlightMode": "STABILIZE"}, "position": {"latitude": "35.894087", "altitude": "-0.017", "heading": "352", "longitude": "139.9524471"}}
<DEBUG> 2022-07-22_23:57:25 [pub_drone_info] {"status": {"isArmable": "True", "Arm": "False", "FlightMode": "STABILIZE"}, "position": {"latitude": "35.894087", "altitude": "-0.017", "heading": "352", "longitude": "139.9524471"}}
<DEBUG> 2022-07-22_23:57:26 [pub_drone_info] {"status": {"isArmable": "True", "Arm": "False", "FlightMode": "STABILIZE"}, "position": {"latitude": "35.894087", "altitude": "-0.017", "heading": "352", "longitude": "139.9524471"}}
<DEBUG> 2022-07-22_23:57:27 [pub_drone_info] {"status": {"isArmable": "True", "Arm": "False", "FlightMode": "STABILIZE"}, "position": {"latitude": "35.894087", "altitude": "-0.017", "heading": "352", "longitude": "139.9524471"}}
<DEBUG> 2022-07-22_23:57:28 [pub_drone_info] {"status": {"isArmable": "True", "Arm": "False", "FlightMode": "STABILIZE"}, "position": {"latitude": "35.894087", "altitude": "-0.017", "heading": "352", "longitude": "139.9524471"}}
<DEBUG> 2022-07-22_23:57:29 [pub_drone_info] {"status": {"isArmable": "True", "Arm": "False", "FlightMode": "STABILIZE"}, "position": {"latitude": "35.894087", "altitude": "-0.017", "heading": "352", "longitude": "139.9524471"}}
<DEBUG> 2022-07-22_23:57:30 [pub_drone_info] {"status": {"isArmable": "True", "Arm": "False", "FlightMode": "STABILIZE"}, "position": {"latitude": "35.894087", "altitude": "-0.017", "heading": "352", "longitude": "139.9524471"}}
<DEBUG> 2022-07-22_23:57:31 [pub_drone_info] {"status": {"isArmable": "True", "Arm": "False", "FlightMode": "STABILIZE"}, "position": {"latitude": "35.894087", "altitude": "-0.017", "heading": "352", "longitude": "139.9524471"}}
<DEBUG> 2022-07-22_23:57:32 [pub_drone_info] {"status": {"isArmable": "True", "Arm": "False", "FlightMode": "STABILIZE"}, "position": {"latitude": "35.894087", "altitude": "-0.017", "heading": "352", "longitude": "139.9524471"}}
<DEBUG> 2022-07-22_23:57:33 [pub_drone_info] {"status": {"isArmable": "True", "Arm": "False", "FlightMode": "STABILIZE"}, "position": {"latitude": "35.894087", "altitude": "-0.017", "heading": "352", "longitude": "139.9524471"}}
<DEBUG> 2022-07-22_23:57:34 [pub_drone_info] {"status": {"isArmable": "True", "Arm": "False", "FlightMode": "STABILIZE"}, "position": {"latitude": "35.894087", "altitude": "-0.017", "heading": "352", "longitude": "139.9524471"}}
<DEBUG> 2022-07-22_23:57:35 [pub_drone_info] {"status": {"isArmable": "True", "Arm": "False", "FlightMode": "STABILIZE"}, "position": {"latitude": "35.894087", "altitude": "-0.017", "heading": "352", "longitude": "139.9524471"}}
<DEBUG> 2022-07-22_23:57:36 [pub_drone_info] {"status": {"isArmable": "True", "Arm": "False", "FlightMode": "STABILIZE"}, "position": {"latitude": "35.894087", "altitude": "-0.017", "heading": "352", "longitude": "139.9524471"}}
<DEBUG> 2022-07-22_23:57:37 [pub_drone_info] {"status": {"isArmable": "True", "Arm": "False", "FlightMode": "STABILIZE"}, "position": {"latitude": "35.894087", "altitude": "-0.017", "heading": "352", "longitude": "139.9524471"}}
<DEBUG> 2022-07-22_23:57:38 [pub_drone_info] {"status": {"isArmable": "True", "Arm": "False", "FlightMode": "STABILIZE"}, "position": {"latitude": "35.894087", "altitude": "-0.017", "heading": "352", "longitude": "139.9524471"}}
<DEBUG> 2022-07-22_23:57:39 [pub_drone_info] {"status": {"isArmable": "True", "Arm": "False", "FlightMode": "STABILIZE"}, "position": {"latitude": "35.894087", "altitude": "-0.017", "heading": "352", "longitude": "139.9524471"}}
<DEBUG> 2022-07-22_23:57:40 [pub_drone_info] {"status": {"isArmable": "True", "Arm": "False", "FlightMode": "STABILIZE"}, "position": {"latitude": "35.894087", "altitude": "-0.017", "heading": "352", "longitude": "139.9524471"}}
<DEBUG> 2022-07-22_23:57:41 [pub_drone_info] {"status": {"isArmable": "True", "Arm": "False", "FlightMode": "STABILIZE"}, "position": {"latitude": "35.894087", "altitude": "-0.017", "heading": "352", "longitude": "139.9524471"}}
<DEBUG> 2022-07-22_23:57:42 [pub_drone_info] {"status": {"isArmable": "True", "Arm": "False", "FlightMode": "STABILIZE"}, "position": {"latitude": "35.894087", "altitude": "-0.017", "heading": "352", "longitude": "139.9524471"}}
<DEBUG> 2022-07-22_23:57:43 [pub_drone_info] {"status": {"isArmable": "True", "Arm": "False", "FlightMode": "STABILIZE"}, "position": {"latitude": "35.894087", "altitude": "-0.017", "heading": "352", "longitude": "139.9524471"}}
<DEBUG> 2022-07-22_23:57:44 [pub_drone_info] {"status": {"isArmable": "True", "Arm": "False", "FlightMode": "STABILIZE"}, "position": {"latitude": "35.8940869", "altitude": "-0.017", "heading": "352", "longitude": "139.9524471"}}
<DEBUG> 2022-07-22_23:57:45 [pub_drone_info] {"status": {"isArmable": "True", "Arm": "False", "FlightMode": "STABILIZE"}, "position": {"latitude": "35.894087", "altitude": "-0.017", "heading": "352", "longitude": "139.9524471"}}
<DEBUG> 2022-07-22_23:57:46 [pub_drone_info] {"status": {"isArmable": "True", "Arm": "False", "FlightMode": "STABILIZE"}, "position": {"latitude": "35.894087", "altitude": "-0.017", "heading": "352", "longitude": "139.9524471"}}
<DEBUG> 2022-07-22_23:57:47 [pub_drone_info] {"status": {"isArmable": "True", "Arm": "False", "FlightMode": "STABILIZE"}, "position": {"latitude": "35.894087", "altitude": "-0.017", "heading": "352", "longitude": "139.9524471"}}
<DEBUG> 2022-07-22_23:57:48 [pub_drone_info] {"status": {"isArmable": "True", "Arm": "False", "FlightMode": "STABILIZE"}, "position": {"latitude": "35.8940869", "altitude": "-0.017", "heading": "352", "longitude": "139.9524471"}}
<DEBUG> 2022-07-22_23:57:49 [pub_drone_info] {"status": {"isArmable": "True", "Arm": "False", "FlightMode": "STABILIZE"}, "position": {"latitude": "35.894087", "altitude": "-0.017", "heading": "352", "longitude": "139.9524471"}}
<DEBUG> 2022-07-22_23:57:50 [pub_drone_info] {"status": {"isArmable": "True", "Arm": "False", "FlightMode": "STABILIZE"}, "position": {"latitude": "35.8940869", "altitude": "-0.017", "heading": "352", "longitude": "139.9524471"}}
<DEBUG> 2022-07-22_23:57:51 [pub_drone_info] {"status": {"isArmable": "True", "Arm": "False", "FlightMode": "STABILIZE"}, "position": {"latitude": "35.894087", "altitude": "-0.017", "heading": "352", "longitude": "139.9524471"}}
<DEBUG> 2022-07-22_23:57:52 [pub_drone_info] {"status": {"isArmable": "True", "Arm": "False", "FlightMode": "STABILIZE"}, "position": {"latitude": "35.8940869", "altitude": "-0.017", "heading": "353", "longitude": "139.9524471"}}
<DEBUG> 2022-07-22_23:57:53 [pub_drone_info] {"status": {"isArmable": "True", "Arm": "False", "FlightMode": "STABILIZE"}, "position": {"latitude": "35.8940869", "altitude": "-0.017", "heading": "353", "longitude": "139.9524471"}}
<DEBUG> 2022-07-22_23:57:54 [pub_drone_info] {"status": {"isArmable": "True", "Arm": "False", "FlightMode": "STABILIZE"}, "position": {"latitude": "35.8940869", "altitude": "-0.017", "heading": "353", "longitude": "139.9524471"}}
<DEBUG> 2022-07-22_23:57:55 [pub_drone_info] {"status": {"isArmable": "True", "Arm": "False", "FlightMode": "STABILIZE"}, "position": {"latitude": "35.8940869", "altitude": "-0.017", "heading": "353", "longitude": "139.9524471"}}
<DEBUG> 2022-07-22_23:57:56 [pub_drone_info] {"status": {"isArmable": "True", "Arm": "False", "FlightMode": "STABILIZE"}, "position": {"latitude": "35.8940869", "altitude": "-0.017", "heading": "353", "longitude": "139.9524471"}}
<DEBUG> 2022-07-22_23:57:57 [pub_drone_info] {"status": {"isArmable": "True", "Arm": "False", "FlightMode": "STABILIZE"}, "position": {"latitude": "35.8940869", "altitude": "-0.017", "heading": "353", "longitude": "139.9524471"}}
<DEBUG> 2022-07-22_23:57:58 [pub_drone_info] {"status": {"isArmable": "True", "Arm": "False", "FlightMode": "STABILIZE"}, "position": {"latitude": "35.8940869", "altitude": "-0.017", "heading": "353", "longitude": "139.9524471"}}
<DEBUG> 2022-07-22_23:57:59 [pub_drone_info] {"status": {"isArmable": "True", "Arm": "False", "FlightMode": "STABILIZE"}, "position": {"latitude": "35.8940869", "altitude": "-0.017", "heading": "353", "longitude": "139.9524471"}}
<DEBUG> 2022-07-22_23:58:00 [pub_drone_info] {"status": {"isArmable": "True", "Arm": "False", "FlightMode": "STABILIZE"}, "position": {"latitude": "35.8940869", "altitude": "-0.017", "heading": "353", "longitude": "139.9524471"}}
<DEBUG> 2022-07-22_23:58:01 [pub_drone_info] {"status": {"isArmable": "True", "Arm": "False", "FlightMode": "STABILIZE"}, "position": {"latitude": "35.8940869", "altitude": "-0.017", "heading": "353", "longitude": "139.9524471"}}
<DEBUG> 2022-07-22_23:58:02 [pub_drone_info] {"status": {"isArmable": "True", "Arm": "False", "FlightMode": "STABILIZE"}, "position": {"latitude": "35.8940869", "altitude": "-0.017", "heading": "353", "longitude": "139.9524471"}}
<DEBUG> 2022-07-22_23:58:03 [pub_drone_info] {"status": {"isArmable": "True", "Arm": "False", "FlightMode": "STABILIZE"}, "position": {"latitude": "35.8940869", "altitude": "-0.017", "heading": "353", "longitude": "139.9524471"}}
<DEBUG> 2022-07-22_23:58:04 [pub_drone_info] {"status": {"isArmable": "True", "Arm": "False", "FlightMode": "STABILIZE"}, "position": {"latitude": "35.8940869", "altitude": "-0.017", "heading": "353", "longitude": "139.9524471"}}
<DEBUG> 2022-07-22_23:58:05 [pub_drone_info] {"status": {"isArmable": "True", "Arm": "False", "FlightMode": "STABILIZE"}, "position": {"latitude": "35.8940869", "altitude": "-0.017", "heading": "353", "longitude": "139.9524471"}}
<DEBUG> 2022-07-22_23:58:06 [pub_drone_info] {"status": {"isArmable": "True", "Arm": "False", "FlightMode": "STABILIZE"}, "position": {"latitude": "35.8940869", "altitude": "-0.017", "heading": "353", "longitude": "139.9524471"}}
<DEBUG> 2022-07-22_23:58:07 [pub_drone_info] {"status": {"isArmable": "True", "Arm": "False", "FlightMode": "STABILIZE"}, "position": {"latitude": "35.8940869", "altitude": "-0.017", "heading": "353", "longitude": "139.9524471"}}
<DEBUG> 2022-07-22_23:58:08 [pub_drone_info] {"status": {"isArmable": "True", "Arm": "False", "FlightMode": "STABILIZE"}, "position": {"latitude": "35.8940869", "altitude": "-0.017", "heading": "353", "longitude": "139.9524471"}}
<DEBUG> 2022-07-22_23:58:09 [pub_drone_info] {"status": {"isArmable": "True", "Arm": "False", "FlightMode": "STABILIZE"}, "position": {"latitude": "35.8940869", "altitude": "-0.017", "heading": "353", "longitude": "139.9524471"}}
<DEBUG> 2022-07-22_23:58:10 [pub_drone_info] {"status": {"isArmable": "True", "Arm": "False", "FlightMode": "STABILIZE"}, "position": {"latitude": "35.8940869", "altitude": "-0.017", "heading": "353", "longitude": "139.9524471"}}
<DEBUG> 2022-07-22_23:58:11 [pub_drone_info] {"status": {"isArmable": "True", "Arm": "False", "FlightMode": "STABILIZE"}, "position": {"latitude": "35.8940869", "altitude": "-0.017", "heading": "353", "longitude": "139.9524471"}}
<DEBUG> 2022-07-22_23:58:12 [pub_drone_info] {"status": {"isArmable": "True", "Arm": "False", "FlightMode": "STABILIZE"}, "position": {"latitude": "35.8940869", "altitude": "-0.017", "heading": "353", "longitude": "139.9524471"}}
<DEBUG> 2022-07-22_23:58:13 [pub_drone_info] {"status": {"isArmable": "True", "Arm": "False", "FlightMode": "STABILIZE"}, "position": {"latitude": "35.8940869", "altitude": "-0.017", "heading": "353", "longitude": "139.9524471"}}
<DEBUG> 2022-07-22_23:58:14 [pub_drone_info] {"status": {"isArmable": "True", "Arm": "False", "FlightMode": "STABILIZE"}, "position": {"latitude": "35.8940869", "altitude": "-0.017", "heading": "353", "longitude": "139.9524471"}}
<DEBUG> 2022-07-22_23:58:15 [pub_drone_info] {"status": {"isArmable": "True", "Arm": "False", "FlightMode": "STABILIZE"}, "position": {"latitude": "35.8940869", "altitude": "-0.017", "heading": "353", "longitude": "139.9524471"}}
<DEBUG> 2022-07-22_23:58:16 [pub_drone_info] {"status": {"isArmable": "True", "Arm": "False", "FlightMode": "STABILIZE"}, "position": {"latitude": "35.8940869", "altitude": "-0.017", "heading": "353", "longitude": "139.9524471"}}
<DEBUG> 2022-07-22_23:58:17 [pub_drone_info] {"status": {"isArmable": "True", "Arm": "False", "FlightMode": "STABILIZE"}, "position": {"latitude": "35.8940869", "altitude": "-0.017", "heading": "353", "longitude": "139.9524471"}}
<DEBUG> 2022-07-22_23:58:18 [pub_drone_info] {"status": {"isArmable": "True", "Arm": "False", "FlightMode": "STABILIZE"}, "position": {"latitude": "35.8940869", "altitude": "-0.017", "heading": "353", "longitude": "139.9524471"}}
<DEBUG> 2022-07-22_23:58:19 [pub_drone_info] {"status": {"isArmable": "True", "Arm": "False", "FlightMode": "STABILIZE"}, "position": {"latitude": "35.8940869", "altitude": "-0.017", "heading": "353", "longitude": "139.9524471"}}
<DEBUG> 2022-07-22_23:58:20 [pub_drone_info] {"status": {"isArmable": "True", "Arm": "False", "FlightMode": "STABILIZE"}, "position": {"latitude": "35.8940869", "altitude": "-0.017", "heading": "353", "longitude": "139.9524471"}}
<DEBUG> 2022-07-22_23:58:21 [pub_drone_info] {"status": {"isArmable": "True", "Arm": "False", "FlightMode": "STABILIZE"}, "position": {"latitude": "35.8940869", "altitude": "-0.017", "heading": "353", "longitude": "139.9524471"}}
<DEBUG> 2022-07-22_23:58:22 [pub_drone_info] {"status": {"isArmable": "True", "Arm": "False", "FlightMode": "STABILIZE"}, "position": {"latitude": "35.8940869", "altitude": "-0.017", "heading": "353", "longitude": "139.9524471"}}
<DEBUG> 2022-07-22_23:58:23 [pub_drone_info] {"status": {"isArmable": "True", "Arm": "False", "FlightMode": "STABILIZE"}, "position": {"latitude": "35.8940869", "altitude": "-0.017", "heading": "353", "longitude": "139.9524471"}}
<DEBUG> 2022-07-22_23:58:24 [pub_drone_info] {"status": {"isArmable": "True", "Arm": "False", "FlightMode": "STABILIZE"}, "position": {"latitude": "35.8940869", "altitude": "-0.017", "heading": "353", "longitude": "139.9524471"}}
<DEBUG> 2022-07-22_23:58:25 [pub_drone_info] {"status": {"isArmable": "True", "Arm": "False", "FlightMode": "STABILIZE"}, "position": {"latitude": "35.8940869", "altitude": "-0.017", "heading": "353", "longitude": "139.9524471"}}
<DEBUG> 2022-07-22_23:58:26 [pub_drone_info] {"status": {"isArmable": "True", "Arm": "False", "FlightMode": "STABILIZE"}, "position": {"latitude": "35.8940869", "altitude": "-0.017", "heading": "353", "longitude": "139.9524471"}}
<DEBUG> 2022-07-22_23:58:27 [pub_drone_info] {"status": {"isArmable": "True", "Arm": "False", "FlightMode": "STABILIZE"}, "position": {"latitude": "35.8940869", "altitude": "-0.017", "heading": "353", "longitude": "139.9524471"}}
<DEBUG> 2022-07-22_23:58:28 [pub_drone_info] {"status": {"isArmable": "True", "Arm": "False", "FlightMode": "STABILIZE"}, "position": {"latitude": "35.8940869", "altitude": "-0.017", "heading": "353", "longitude": "139.9524471"}}
<DEBUG> 2022-07-22_23:58:29 [pub_drone_info] {"status": {"isArmable": "True", "Arm": "False", "FlightMode": "STABILIZE"}, "position": {"latitude": "35.8940869", "altitude": "-0.017", "heading": "353", "longitude": "139.9524471"}}
<DEBUG> 2022-07-22_23:58:30 [pub_drone_info] {"status": {"isArmable": "True", "Arm": "False", "FlightMode": "STABILIZE"}, "position": {"latitude": "35.8940869", "altitude": "-0.017", "heading": "353", "longitude": "139.9524471"}}
<DEBUG> 2022-07-22_23:58:31 [pub_drone_info] {"status": {"isArmable": "True", "Arm": "False", "FlightMode": "STABILIZE"}, "position": {"latitude": "35.8940869", "altitude": "-0.017", "heading": "353", "longitude": "139.9524471"}}
<DEBUG> 2022-07-22_23:58:32 [pub_drone_info] {"status": {"isArmable": "True", "Arm": "False", "FlightMode": "STABILIZE"}, "position": {"latitude": "35.8940869", "altitude": "-0.017", "heading": "353", "longitude": "139.9524471"}}
<DEBUG> 2022-07-22_23:58:33 [pub_drone_info] {"status": {"isArmable": "True", "Arm": "False", "FlightMode": "STABILIZE"}, "position": {"latitude": "35.8940869", "altitude": "-0.017", "heading": "353", "longitude": "139.9524471"}}
<DEBUG> 2022-07-22_23:58:34 [pub_drone_info] {"status": {"isArmable": "True", "Arm": "False", "FlightMode": "STABILIZE"}, "position": {"latitude": "35.8940869", "altitude": "-0.017", "heading": "353", "longitude": "139.9524471"}}
<DEBUG> 2022-07-22_23:58:35 [pub_drone_info] {"status": {"isArmable": "True", "Arm": "False", "FlightMode": "STABILIZE"}, "position": {"latitude": "35.8940869", "altitude": "-0.017", "heading": "353", "longitude": "139.9524471"}}
<DEBUG> 2022-07-22_23:58:36 [pub_drone_info] {"status": {"isArmable": "True", "Arm": "False", "FlightMode": "STABILIZE"}, "position": {"latitude": "35.8940869", "altitude": "-0.017", "heading": "353", "longitude": "139.9524471"}}
<DEBUG> 2022-07-22_23:58:37 [pub_drone_info] {"status": {"isArmable": "True", "Arm": "False", "FlightMode": "STABILIZE"}, "position": {"latitude": "35.8940869", "altitude": "-0.017", "heading": "353", "longitude": "139.9524471"}}
<DEBUG> 2022-07-22_23:58:38 [pub_drone_info] {"status": {"isArmable": "True", "Arm": "False", "FlightMode": "STABILIZE"}, "position": {"latitude": "35.8940869", "altitude": "-0.017", "heading": "353", "longitude": "139.9524471"}}
<DEBUG> 2022-07-22_23:58:39 [pub_drone_info] {"status": {"isArmable": "True", "Arm": "False", "FlightMode": "STABILIZE"}, "position": {"latitude": "35.8940869", "altitude": "-0.017", "heading": "353", "longitude": "139.9524471"}}
<DEBUG> 2022-07-22_23:58:40 [pub_drone_info] {"status": {"isArmable": "True", "Arm": "False", "FlightMode": "STABILIZE"}, "position": {"latitude": "35.8940869", "altitude": "-0.017", "heading": "353", "longitude": "139.9524471"}}
<DEBUG> 2022-07-22_23:58:41 [pub_drone_info] {"status": {"isArmable": "True", "Arm": "False", "FlightMode": "STABILIZE"}, "position": {"latitude": "35.8940869", "altitude": "-0.017", "heading": "353", "longitude": "139.9524471"}}
<DEBUG> 2022-07-22_23:58:42 [pub_drone_info] {"status": {"isArmable": "True", "Arm": "False", "FlightMode": "STABILIZE"}, "position": {"latitude": "35.8940869", "altitude": "-0.017", "heading": "353", "longitude": "139.9524471"}}
<DEBUG> 2022-07-22_23:58:43 [pub_drone_info] {"status": {"isArmable": "True", "Arm": "False", "FlightMode": "STABILIZE"}, "position": {"latitude": "35.8940869", "altitude": "-0.017", "heading": "353", "longitude": "139.9524471"}}
<DEBUG> 2022-07-22_23:58:44 [pub_drone_info] {"status": {"isArmable": "True", "Arm": "False", "FlightMode": "STABILIZE"}, "position": {"latitude": "35.8940869", "altitude": "-0.017", "heading": "353", "longitude": "139.9524471"}}
<DEBUG> 2022-07-22_23:58:45 [pub_drone_info] {"status": {"isArmable": "True", "Arm": "False", "FlightMode": "STABILIZE"}, "position": {"latitude": "35.8940869", "altitude": "-0.017", "heading": "353", "longitude": "139.9524471"}}
<DEBUG> 2022-07-22_23:58:46 [pub_drone_info] {"status": {"isArmable": "True", "Arm": "False", "FlightMode": "STABILIZE"}, "position": {"latitude": "35.8940869", "altitude": "-0.017", "heading": "353", "longitude": "139.9524471"}}
<DEBUG> 2022-07-22_23:58:47 [pub_drone_info] {"status": {"isArmable": "True", "Arm": "False", "FlightMode": "STABILIZE"}, "position": {"latitude": "35.8940869", "altitude": "-0.017", "heading": "353", "longitude": "139.9524471"}}
<DEBUG> 2022-07-22_23:58:48 [pub_drone_info] {"status": {"isArmable": "True", "Arm": "False", "FlightMode": "STABILIZE"}, "position": {"latitude": "35.8940869", "altitude": "-0.017", "heading": "353", "longitude": "139.9524471"}}
<DEBUG> 2022-07-22_23:58:49 [pub_drone_info] {"status": {"isArmable": "True", "Arm": "False", "FlightMode": "STABILIZE"}, "position": {"latitude": "35.8940869", "altitude": "-0.017", "heading": "353", "longitude": "139.9524471"}}
<DEBUG> 2022-07-22_23:58:50 [pub_drone_info] {"status": {"isArmable": "True", "Arm": "False", "FlightMode": "STABILIZE"}, "position": {"latitude": "35.8940869", "altitude": "-0.017", "heading": "353", "longitude": "139.9524471"}}
<DEBUG> 2022-07-22_23:58:51 [pub_drone_info] {"status": {"isArmable": "True", "Arm": "False", "FlightMode": "STABILIZE"}, "position": {"latitude": "35.8940869", "altitude": "-0.017", "heading": "353", "longitude": "139.9524471"}}
<DEBUG> 2022-07-22_23:58:52 [pub_drone_info] {"status": {"isArmable": "True", "Arm": "False", "FlightMode": "STABILIZE"}, "position": {"latitude": "35.8940869", "altitude": "-0.017", "heading": "353", "longitude": "139.9524471"}}
<DEBUG> 2022-07-22_23:58:53 [pub_drone_info] {"status": {"isArmable": "True", "Arm": "False", "FlightMode": "STABILIZE"}, "position": {"latitude": "35.8940869", "altitude": "-0.017", "heading": "353", "longitude": "139.9524471"}}
<DEBUG> 2022-07-22_23:58:54 [pub_drone_info] {"status": {"isArmable": "True", "Arm": "False", "FlightMode": "STABILIZE"}, "position": {"latitude": "35.8940869", "altitude": "-0.017", "heading": "353", "longitude": "139.9524471"}}
<DEBUG> 2022-07-22_23:58:55 [pub_drone_info] {"status": {"isArmable": "True", "Arm": "False", "FlightMode": "STABILIZE"}, "position": {"latitude": "35.8940869", "altitude": "-0.017", "heading": "353", "longitude": "139.9524471"}}
<DEBUG> 2022-07-22_23:58:56 [pub_drone_info] {"status": {"isArmable": "True", "Arm": "False", "FlightMode": "STABILIZE"}, "position": {"latitude": "35.8940869", "altitude": "-0.017", "heading": "353", "longitude": "139.9524471"}}
<DEBUG> 2022-07-22_23:58:57 [pub_drone_info] {"status": {"isArmable": "True", "Arm": "False", "FlightMode": "STABILIZE"}, "position": {"latitude": "35.8940869", "altitude": "-0.017", "heading": "353", "longitude": "139.9524471"}}
<DEBUG> 2022-07-22_23:58:58 [pub_drone_info] {"status": {"isArmable": "True", "Arm": "False", "FlightMode": "STABILIZE"}, "position": {"latitude": "35.8940869", "altitude": "-0.017", "heading": "353", "longitude": "139.9524471"}}
<DEBUG> 2022-07-22_23:58:59 [pub_drone_info] {"status": {"isArmable": "True", "Arm": "False", "FlightMode": "STABILIZE"}, "position": {"latitude": "35.8940869", "altitude": "-0.017", "heading": "353", "longitude": "139.9524471"}}
<DEBUG> 2022-07-22_23:59:00 [pub_drone_info] {"status": {"isArmable": "True", "Arm": "False", "FlightMode": "STABILIZE"}, "position": {"latitude": "35.8940869", "altitude": "-0.017", "heading": "354", "longitude": "139.9524471"}}
<DEBUG> 2022-07-22_23:59:01 [pub_drone_info] {"status": {"isArmable": "True", "Arm": "False", "FlightMode": "STABILIZE"}, "position": {"latitude": "35.8940869", "altitude": "-0.017", "heading": "354", "longitude": "139.9524471"}}
<DEBUG> 2022-07-22_23:59:02 [pub_drone_info] {"status": {"isArmable": "True", "Arm": "False", "FlightMode": "STABILIZE"}, "position": {"latitude": "35.8940869", "altitude": "-0.017", "heading": "354", "longitude": "139.9524471"}}
<DEBUG> 2022-07-22_23:59:03 [pub_drone_info] {"status": {"isArmable": "True", "Arm": "False", "FlightMode": "STABILIZE"}, "position": {"latitude": "35.8940869", "altitude": "-0.017", "heading": "354", "longitude": "139.9524471"}}
<DEBUG> 2022-07-22_23:59:04 [pub_drone_info] {"status": {"isArmable": "True", "Arm": "False", "FlightMode": "STABILIZE"}, "position": {"latitude": "35.8940869", "altitude": "-0.017", "heading": "354", "longitude": "139.9524471"}}
<DEBUG> 2022-07-22_23:59:05 [pub_drone_info] {"status": {"isArmable": "True", "Arm": "False", "FlightMode": "STABILIZE"}, "position": {"latitude": "35.8940869", "altitude": "-0.017", "heading": "354", "longitude": "139.9524471"}}
<DEBUG> 2022-07-22_23:59:06 [pub_drone_info] {"status": {"isArmable": "True", "Arm": "False", "FlightMode": "STABILIZE"}, "position": {"latitude": "35.8940869", "altitude": "-0.017", "heading": "354", "longitude": "139.9524471"}}
<DEBUG> 2022-07-22_23:59:07 [pub_drone_info] {"status": {"isArmable": "True", "Arm": "False", "FlightMode": "STABILIZE"}, "position": {"latitude": "35.8940869", "altitude": "-0.017", "heading": "354", "longitude": "139.9524471"}}
<DEBUG> 2022-07-22_23:59:08 [pub_drone_info] {"status": {"isArmable": "True", "Arm": "False", "FlightMode": "STABILIZE"}, "position": {"latitude": "35.8940869", "altitude": "-0.017", "heading": "354", "longitude": "139.9524471"}}
<DEBUG> 2022-07-22_23:59:09 [pub_drone_info] {"status": {"isArmable": "True", "Arm": "False", "FlightMode": "STABILIZE"}, "position": {"latitude": "35.8940869", "altitude": "-0.017", "heading": "354", "longitude": "139.9524471"}}
<DEBUG> 2022-07-22_23:59:10 [pub_drone_info] {"status": {"isArmable": "True", "Arm": "False", "FlightMode": "STABILIZE"}, "position": {"latitude": "35.8940869", "altitude": "-0.017", "heading": "354", "longitude": "139.9524471"}}
<DEBUG> 2022-07-22_23:59:11 [pub_drone_info] {"status": {"isArmable": "True", "Arm": "False", "FlightMode": "STABILIZE"}, "position": {"latitude": "35.8940869", "altitude": "-0.017", "heading": "354", "longitude": "139.9524471"}}
<DEBUG> 2022-07-22_23:59:12 [pub_drone_info] {"status": {"isArmable": "True", "Arm": "False", "FlightMode": "STABILIZE"}, "position": {"latitude": "35.8940869", "altitude": "-0.017", "heading": "354", "longitude": "139.9524471"}}
<DEBUG> 2022-07-22_23:59:13 [pub_drone_info] {"status": {"isArmable": "True", "Arm": "False", "FlightMode": "STABILIZE"}, "position": {"latitude": "35.8940869", "altitude": "-0.017", "heading": "354", "longitude": "139.9524471"}}
<DEBUG> 2022-07-22_23:59:14 [pub_drone_info] {"status": {"isArmable": "True", "Arm": "False", "FlightMode": "STABILIZE"}, "position": {"latitude": "35.8940869", "altitude": "-0.017", "heading": "354", "longitude": "139.9524471"}}
<DEBUG> 2022-07-22_23:59:15 [pub_drone_info] {"status": {"isArmable": "True", "Arm": "False", "FlightMode": "STABILIZE"}, "position": {"latitude": "35.8940869", "altitude": "-0.017", "heading": "354", "longitude": "139.9524471"}}
<DEBUG> 2022-07-22_23:59:16 [pub_drone_info] {"status": {"isArmable": "True", "Arm": "False", "FlightMode": "STABILIZE"}, "position": {"latitude": "35.8940869", "altitude": "-0.017", "heading": "354", "longitude": "139.9524471"}}
<DEBUG> 2022-07-22_23:59:17 [pub_drone_info] {"status": {"isArmable": "True", "Arm": "False", "FlightMode": "STABILIZE"}, "position": {"latitude": "35.8940869", "altitude": "-0.017", "heading": "354", "longitude": "139.9524471"}}
<DEBUG> 2022-07-22_23:59:18 [pub_drone_info] {"status": {"isArmable": "True", "Arm": "False", "FlightMode": "STABILIZE"}, "position": {"latitude": "35.8940869", "altitude": "-0.017", "heading": "354", "longitude": "139.9524471"}}
<DEBUG> 2022-07-22_23:59:19 [pub_drone_info] {"status": {"isArmable": "True", "Arm": "False", "FlightMode": "STABILIZE"}, "position": {"latitude": "35.8940869", "altitude": "-0.017", "heading": "354", "longitude": "139.9524471"}}
<DEBUG> 2022-07-22_23:59:20 [pub_drone_info] {"status": {"isArmable": "True", "Arm": "False", "FlightMode": "STABILIZE"}, "position": {"latitude": "35.8940869", "altitude": "-0.017", "heading": "354", "longitude": "139.9524471"}}
<DEBUG> 2022-07-22_23:59:21 [pub_drone_info] {"status": {"isArmable": "True", "Arm": "False", "FlightMode": "STABILIZE"}, "position": {"latitude": "35.8940869", "altitude": "-0.017", "heading": "354", "longitude": "139.9524471"}}
<DEBUG> 2022-07-22_23:59:22 [pub_drone_info] {"status": {"isArmable": "True", "Arm": "False", "FlightMode": "STABILIZE"}, "position": {"latitude": "35.8940869", "altitude": "-0.016", "heading": "354", "longitude": "139.9524471"}}
<DEBUG> 2022-07-22_23:59:23 [pub_drone_info] {"status": {"isArmable": "True", "Arm": "False", "FlightMode": "STABILIZE"}, "position": {"latitude": "35.8940869", "altitude": "-0.016", "heading": "354", "longitude": "139.9524471"}}
<DEBUG> 2022-07-22_23:59:24 [pub_drone_info] {"status": {"isArmable": "True", "Arm": "False", "FlightMode": "STABILIZE"}, "position": {"latitude": "35.8940869", "altitude": "-0.016", "heading": "354", "longitude": "139.9524471"}}
<DEBUG> 2022-07-22_23:59:25 [pub_drone_info] {"status": {"isArmable": "True", "Arm": "False", "FlightMode": "STABILIZE"}, "position": {"latitude": "35.8940869", "altitude": "-0.016", "heading": "354", "longitude": "139.9524471"}}
<DEBUG> 2022-07-22_23:59:26 [pub_drone_info] {"status": {"isArmable": "True", "Arm": "False", "FlightMode": "STABILIZE"}, "position": {"latitude": "35.8940869", "altitude": "-0.016", "heading": "354", "longitude": "139.9524471"}}
<DEBUG> 2022-07-22_23:59:27 [pub_drone_info] {"status": {"isArmable": "True", "Arm": "False", "FlightMode": "STABILIZE"}, "position": {"latitude": "35.8940869", "altitude": "-0.016", "heading": "354", "longitude": "139.9524471"}}
<DEBUG> 2022-07-22_23:59:28 [pub_drone_info] {"status": {"isArmable": "True", "Arm": "False", "FlightMode": "STABILIZE"}, "position": {"latitude": "35.8940869", "altitude": "-0.017", "heading": "354", "longitude": "139.9524471"}}
<DEBUG> 2022-07-22_23:59:29 [pub_drone_info] {"status": {"isArmable": "True", "Arm": "False", "FlightMode": "STABILIZE"}, "position": {"latitude": "35.8940869", "altitude": "-0.017", "heading": "354", "longitude": "139.9524471"}}
<DEBUG> 2022-07-22_23:59:30 [pub_drone_info] {"status": {"isArmable": "True", "Arm": "False", "FlightMode": "STABILIZE"}, "position": {"latitude": "35.8940869", "altitude": "-0.017", "heading": "354", "longitude": "139.9524471"}}
<DEBUG> 2022-07-22_23:59:31 [pub_drone_info] {"status": {"isArmable": "True", "Arm": "False", "FlightMode": "STABILIZE"}, "position": {"latitude": "35.8940869", "altitude": "-0.017", "heading": "354", "longitude": "139.9524471"}}
<DEBUG> 2022-07-22_23:59:32 [pub_drone_info] {"status": {"isArmable": "True", "Arm": "False", "FlightMode": "STABILIZE"}, "position": {"latitude": "35.8940869", "altitude": "-0.017", "heading": "354", "longitude": "139.9524471"}}
<DEBUG> 2022-07-22_23:59:33 [pub_drone_info] {"status": {"isArmable": "True", "Arm": "False", "FlightMode": "STABILIZE"}, "position": {"latitude": "35.8940869", "altitude": "-0.017", "heading": "354", "longitude": "139.9524471"}}
<DEBUG> 2022-07-22_23:59:34 [pub_drone_info] {"status": {"isArmable": "True", "Arm": "False", "FlightMode": "STABILIZE"}, "position": {"latitude": "35.8940869", "altitude": "-0.017", "heading": "354", "longitude": "139.9524471"}}
<DEBUG> 2022-07-22_23:59:35 [pub_drone_info] {"status": {"isArmable": "True", "Arm": "False", "FlightMode": "STABILIZE"}, "position": {"latitude": "35.8940869", "altitude": "-0.017", "heading": "354", "longitude": "139.9524471"}}
<DEBUG> 2022-07-22_23:59:36 [pub_drone_info] {"status": {"isArmable": "True", "Arm": "False", "FlightMode": "STABILIZE"}, "position": {"latitude": "35.8940869", "altitude": "-0.017", "heading": "354", "longitude": "139.9524471"}}
<DEBUG> 2022-07-22_23:59:37 [pub_drone_info] {"status": {"isArmable": "True", "Arm": "False", "FlightMode": "STABILIZE"}, "position": {"latitude": "35.8940869", "altitude": "-0.017", "heading": "354", "longitude": "139.9524471"}}
<DEBUG> 2022-07-22_23:59:38 [pub_drone_info] {"status": {"isArmable": "True", "Arm": "False", "FlightMode": "STABILIZE"}, "position": {"latitude": "35.8940869", "altitude": "-0.017", "heading": "354", "longitude": "139.9524471"}}
<DEBUG> 2022-07-22_23:59:39 [pub_drone_info] {"status": {"isArmable": "True", "Arm": "False", "FlightMode": "STABILIZE"}, "position": {"latitude": "35.8940869", "altitude": "-0.017", "heading": "354", "longitude": "139.9524471"}}
<DEBUG> 2022-07-22_23:59:40 [pub_drone_info] {"status": {"isArmable": "True", "Arm": "False", "FlightMode": "STABILIZE"}, "position": {"latitude": "35.8940869", "altitude": "-0.017", "heading": "354", "longitude": "139.9524471"}}
<DEBUG> 2022-07-22_23:59:41 [pub_drone_info] {"status": {"isArmable": "True", "Arm": "False", "FlightMode": "STABILIZE"}, "position": {"latitude": "35.8940869", "altitude": "-0.017", "heading": "354", "longitude": "139.9524471"}}
<DEBUG> 2022-07-22_23:59:42 [pub_drone_info] {"status": {"isArmable": "True", "Arm": "False", "FlightMode": "STABILIZE"}, "position": {"latitude": "35.8940869", "altitude": "-0.017", "heading": "354", "longitude": "139.9524471"}}
<DEBUG> 2022-07-22_23:59:43 [pub_drone_info] {"status": {"isArmable": "True", "Arm": "False", "FlightMode": "STABILIZE"}, "position": {"latitude": "35.8940869", "altitude": "-0.017", "heading": "354", "longitude": "139.9524471"}}
<DEBUG> 2022-07-22_23:59:44 [pub_drone_info] {"status": {"isArmable": "True", "Arm": "False", "FlightMode": "STABILIZE"}, "position": {"latitude": "35.8940869", "altitude": "-0.017", "heading": "354", "longitude": "139.9524471"}}
<DEBUG> 2022-07-22_23:59:45 [pub_drone_info] {"status": {"isArmable": "True", "Arm": "False", "FlightMode": "STABILIZE"}, "position": {"latitude": "35.8940869", "altitude": "-0.017", "heading": "354", "longitude": "139.9524471"}}
<DEBUG> 2022-07-22_23:59:46 [pub_drone_info] {"status": {"isArmable": "True", "Arm": "False", "FlightMode": "STABILIZE"}, "position": {"latitude": "35.8940869", "altitude": "-0.017", "heading": "354", "longitude": "139.9524471"}}
<DEBUG> 2022-07-22_23:59:47 [pub_drone_info] {"status": {"isArmable": "True", "Arm": "False", "FlightMode": "STABILIZE"}, "position": {"latitude": "35.8940869", "altitude": "-0.017", "heading": "354", "longitude": "139.9524471"}}
<DEBUG> 2022-07-22_23:59:48 [pub_drone_info] {"status": {"isArmable": "True", "Arm": "False", "FlightMode": "STABILIZE"}, "position": {"latitude": "35.8940869", "altitude": "-0.017", "heading": "354", "longitude": "139.9524471"}}
<DEBUG> 2022-07-22_23:59:49 [pub_drone_info] {"status": {"isArmable": "True", "Arm": "False", "FlightMode": "STABILIZE"}, "position": {"latitude": "35.8940869", "altitude": "-0.017", "heading": "354", "longitude": "139.9524471"}}
<DEBUG> 2022-07-22_23:59:50 [pub_drone_info] {"status": {"isArmable": "True", "Arm": "False", "FlightMode": "STABILIZE"}, "position": {"latitude": "35.8940869", "altitude": "-0.017", "heading": "354", "longitude": "139.9524471"}}
<DEBUG> 2022-07-22_23:59:51 [pub_drone_info] {"status": {"isArmable": "True", "Arm": "False", "FlightMode": "STABILIZE"}, "position": {"latitude": "35.8940869", "altitude": "-0.017", "heading": "354", "longitude": "139.9524471"}}
<DEBUG> 2022-07-22_23:59:52 [pub_drone_info] {"status": {"isArmable": "True", "Arm": "False", "FlightMode": "STABILIZE"}, "position": {"latitude": "35.8940869", "altitude": "-0.017", "heading": "354", "longitude": "139.9524471"}}
<DEBUG> 2022-07-22_23:59:53 [pub_drone_info] {"status": {"isArmable": "True", "Arm": "False", "FlightMode": "STABILIZE"}, "position": {"latitude": "35.8940869", "altitude": "-0.017", "heading": "354", "longitude": "139.9524471"}}
<DEBUG> 2022-07-22_23:59:54 [pub_drone_info] {"status": {"isArmable": "True", "Arm": "False", "FlightMode": "STABILIZE"}, "position": {"latitude": "35.8940869", "altitude": "-0.017", "heading": "354", "longitude": "139.9524471"}}
<DEBUG> 2022-07-22_23:59:55 [pub_drone_info] {"status": {"isArmable": "True", "Arm": "False", "FlightMode": "STABILIZE"}, "position": {"latitude": "35.8940869", "altitude": "-0.017", "heading": "354", "longitude": "139.9524471"}}
<DEBUG> 2022-07-22_23:59:56 [pub_drone_info] {"status": {"isArmable": "True", "Arm": "False", "FlightMode": "STABILIZE"}, "position": {"latitude": "35.8940869", "altitude": "-0.017", "heading": "354", "longitude": "139.9524471"}}
<DEBUG> 2022-07-22_23:59:57 [pub_drone_info] {"status": {"isArmable": "True", "Arm": "False", "FlightMode": "STABILIZE"}, "position": {"latitude": "35.8940869", "altitude": "-0.017", "heading": "354", "longitude": "139.9524471"}}
<DEBUG> 2022-07-22_23:59:58 [pub_drone_info] {"status": {"isArmable": "True", "Arm": "False", "FlightMode": "STABILIZE"}, "position": {"latitude": "35.8940869", "altitude": "-0.017", "heading": "354", "longitude": "139.9524471"}}
<DEBUG> 2022-07-22_23:59:59 [pub_drone_info] {"status": {"isArmable": "True", "Arm": "False", "FlightMode": "STABILIZE"}, "position": {"latitude": "35.8940869", "altitude": "-0.017", "heading": "354", "longitude": "139.9524471"}}
