<INFO> 2022-07-10_00:12:20 [__init__] dctrl_cls init
<DEBUG> 2022-07-10_00:12:20 [connect_vehicle] START
<DEBUG> 2022-07-10_00:12:20 [connect_vehicle] Connect to vehicle object:/home/sayz/drone_ctrl/dctrl/json/setting.json
<DEBUG> 2022-07-10_00:12:20 [connect_vehicle] /home/sayz/drone_ctrl/dctrl/json/setting.json
<DEBUG> 2022-07-10_00:12:20 [connect_vehicle] Connecting to vehicle on: udp:127.0.0.1:14551
<INFO> 2022-07-10_00:14:37 [__init__] dctrl_cls init
<DEBUG> 2022-07-10_00:14:37 [connect_vehicle] START
<DEBUG> 2022-07-10_00:14:37 [connect_vehicle] Connect to vehicle object:/home/sayz/drone_ctrl/dctrl/json/setting.json
<DEBUG> 2022-07-10_00:14:37 [connect_vehicle] /home/sayz/drone_ctrl/dctrl/json/setting.json
<DEBUG> 2022-07-10_00:14:37 [connect_vehicle] Connecting to vehicle on: udp:127.0.0.1:14551
<INFO> 2022-07-10_00:17:47 [__init__] dctrl_cls init
<DEBUG> 2022-07-10_00:17:47 [connect_vehicle] START
<DEBUG> 2022-07-10_00:17:47 [connect_vehicle] Connect to vehicle object:/home/sayz/drone_ctrl/dctrl/json/setting.json
<DEBUG> 2022-07-10_00:17:47 [connect_vehicle] /home/sayz/drone_ctrl/dctrl/json/setting.json
<DEBUG> 2022-07-10_00:17:47 [connect_vehicle] Connecting to vehicle on: udp:127.0.0.1:14551
<INFO> 2022-07-10_00:24:49 [__init__] dctrl_cls init
<DEBUG> 2022-07-10_00:24:49 [connect_vehicle] START
<DEBUG> 2022-07-10_00:24:49 [connect_vehicle] Connect to vehicle object:/home/sayz/drone_ctrl/dctrl/json/setting.json
<DEBUG> 2022-07-10_00:24:49 [connect_vehicle] /home/sayz/drone_ctrl/dctrl/json/setting.json
<DEBUG> 2022-07-10_00:24:49 [connect_vehicle] Connecting to vehicle on: udp:127.0.0.1:14551
<DEBUG> 2022-07-10_00:24:50 [connect_vehicle] END
<INFO> 2022-07-10_00:24:55 [<module>] Vehicle初期化完了
<DEBUG> 2022-07-10_00:24:55 [dsp_attributes] START
<INFO> 2022-07-10_00:24:55 [dsp_attributes] 
---- Vehicle attributes ----------------------------------------
<INFO> 2022-07-10_00:24:55 [dsp_attributes] Ardupilot Firmware version: APM:Copter-4.3.0-dev0
<INFO> 2022-07-10_00:24:55 [dsp_attributes]   Major version number: 4
<INFO> 2022-07-10_00:24:55 [dsp_attributes]   Minor version number: 3
<INFO> 2022-07-10_00:24:55 [dsp_attributes]   Patch version number: 0
<INFO> 2022-07-10_00:24:55 [dsp_attributes]   Release type: dev
<INFO> 2022-07-10_00:24:55 [dsp_attributes]   Release version: 0
<INFO> 2022-07-10_00:24:55 [dsp_attributes]   Stable release?: False
<INFO> 2022-07-10_00:24:55 [dsp_attributes] Autopilot capabilities
<INFO> 2022-07-10_00:24:55 [dsp_attributes]   Supports MISSION_FLOAT message type: True
<INFO> 2022-07-10_00:24:55 [dsp_attributes]   Supports PARAM_FLOAT message type: True
<INFO> 2022-07-10_00:24:55 [dsp_attributes]   Supports MISSION_INT message type: True
<INFO> 2022-07-10_00:24:55 [dsp_attributes]   Supports COMMAND_INT message type: True
<INFO> 2022-07-10_00:24:55 [dsp_attributes]   Supports PARAM_UNION message type: False
<INFO> 2022-07-10_00:24:55 [dsp_attributes]   Supports ftp for file transfers: True
<INFO> 2022-07-10_00:24:55 [dsp_attributes]   Supports commanding attitude offboard: True
<INFO> 2022-07-10_00:24:55 [dsp_attributes]   Supports commanding position and velocity targets in local NED frame: True
<INFO> 2022-07-10_00:24:55 [dsp_attributes]   Supports set position + velocity targets in global scaled integers: True
<INFO> 2022-07-10_00:24:55 [dsp_attributes]   Supports terrain protocol / data handling: True
<INFO> 2022-07-10_00:24:55 [dsp_attributes]   Supports direct actuator control: False
<INFO> 2022-07-10_00:24:55 [dsp_attributes]   Supports the flight termination command: True
<INFO> 2022-07-10_00:24:55 [dsp_attributes]   Supports mission_float message type: True
<INFO> 2022-07-10_00:24:55 [dsp_attributes]   Supports onboard compass calibration: True
<INFO> 2022-07-10_00:24:55 [dsp_attributes] Global Location: LocationGlobal:lat=-35.3632621,lon=149.1652374,alt=584.09
<INFO> 2022-07-10_00:24:55 [dsp_attributes] Global Location (relative altitude): LocationGlobalRelative:lat=-35.3632621,lon=149.1652374,alt=-0.027
<INFO> 2022-07-10_00:24:55 [dsp_attributes] Local Location: LocationLocal:north=None,east=None,down=None
<INFO> 2022-07-10_00:24:55 [dsp_attributes] Attitude: Attitude:pitch=6.63785467623e-05,yaw=-0.0749445334077,roll=0.000273261714028
<INFO> 2022-07-10_00:24:55 [dsp_attributes] Velocity: [0.0, 0.0, -0.01]
<INFO> 2022-07-10_00:24:55 [dsp_attributes] GPS: GPSInfo:fix=6,num_sat=10
<INFO> 2022-07-10_00:24:55 [dsp_attributes] Gimbal status: Gimbal: pitch=None, roll=None, yaw=None
<INFO> 2022-07-10_00:24:55 [dsp_attributes] Battery: Battery:voltage=12.587,current=0.0,level=100
<INFO> 2022-07-10_00:24:55 [dsp_attributes] EKF OK?: False
<INFO> 2022-07-10_00:24:55 [dsp_attributes] Last Heartbeat: 0.113772372
<INFO> 2022-07-10_00:24:55 [dsp_attributes] Rangefinder: Rangefinder: distance=None, voltage=None
<INFO> 2022-07-10_00:24:55 [dsp_attributes] Rangefinder distance: None
<INFO> 2022-07-10_00:24:55 [dsp_attributes] Rangefinder voltage: None
<INFO> 2022-07-10_00:24:55 [dsp_attributes] Heading: 355
<INFO> 2022-07-10_00:24:55 [dsp_attributes] Is Armable?: False
<INFO> 2022-07-10_00:24:55 [dsp_attributes] System status: STANDBY
<INFO> 2022-07-10_00:24:55 [dsp_attributes] Groundspeed: 0.0024941728916
<INFO> 2022-07-10_00:24:55 [dsp_attributes] Airspeed: 0.0
<INFO> 2022-07-10_00:24:55 [dsp_attributes] Mode: STABILIZE
<INFO> 2022-07-10_00:24:55 [dsp_attributes] Armed: False
<INFO> 2022-07-10_00:24:55 [dsp_attributes] ----------------------------------------------------------------

<DEBUG> 2022-07-10_00:24:55 [dsp_attributes] END
<DEBUG> 2022-07-10_00:24:55 [<module>] GUIDEDモードに設定
<DEBUG> 2022-07-10_00:24:55 [arm_and_takeoff] START
<CRITICAL> 2022-07-10_00:25:04 [<module>] キーボード例外処理発生
<INFO> 2022-07-10_00:26:43 [__init__] dctrl_cls init
<DEBUG> 2022-07-10_00:26:43 [connect_vehicle] START
<DEBUG> 2022-07-10_00:26:43 [connect_vehicle] Connect to vehicle object:/home/sayz/drone_ctrl/dctrl/json/setting.json
<DEBUG> 2022-07-10_00:26:43 [connect_vehicle] /home/sayz/drone_ctrl/dctrl/json/setting.json
<DEBUG> 2022-07-10_00:26:43 [connect_vehicle] Connecting to vehicle on: udp:127.0.0.1:14551
<DEBUG> 2022-07-10_00:26:44 [connect_vehicle] END
<INFO> 2022-07-10_00:26:49 [<module>] Vehicle初期化完了
<DEBUG> 2022-07-10_00:26:49 [dsp_attributes] START
<INFO> 2022-07-10_00:26:49 [dsp_attributes] 
---- Vehicle attributes ----------------------------------------
<INFO> 2022-07-10_00:26:49 [dsp_attributes] Ardupilot Firmware version: APM:Copter-4.3.0-dev0
<INFO> 2022-07-10_00:26:49 [dsp_attributes]   Major version number: 4
<INFO> 2022-07-10_00:26:49 [dsp_attributes]   Minor version number: 3
<INFO> 2022-07-10_00:26:49 [dsp_attributes]   Patch version number: 0
<INFO> 2022-07-10_00:26:49 [dsp_attributes]   Release type: dev
<INFO> 2022-07-10_00:26:49 [dsp_attributes]   Release version: 0
<INFO> 2022-07-10_00:26:49 [dsp_attributes]   Stable release?: False
<INFO> 2022-07-10_00:26:49 [dsp_attributes] Autopilot capabilities
<INFO> 2022-07-10_00:26:49 [dsp_attributes]   Supports MISSION_FLOAT message type: True
<INFO> 2022-07-10_00:26:49 [dsp_attributes]   Supports PARAM_FLOAT message type: True
<INFO> 2022-07-10_00:26:49 [dsp_attributes]   Supports MISSION_INT message type: True
<INFO> 2022-07-10_00:26:49 [dsp_attributes]   Supports COMMAND_INT message type: True
<INFO> 2022-07-10_00:26:49 [dsp_attributes]   Supports PARAM_UNION message type: False
<INFO> 2022-07-10_00:26:49 [dsp_attributes]   Supports ftp for file transfers: True
<INFO> 2022-07-10_00:26:49 [dsp_attributes]   Supports commanding attitude offboard: True
<INFO> 2022-07-10_00:26:49 [dsp_attributes]   Supports commanding position and velocity targets in local NED frame: True
<INFO> 2022-07-10_00:26:49 [dsp_attributes]   Supports set position + velocity targets in global scaled integers: True
<INFO> 2022-07-10_00:26:49 [dsp_attributes]   Supports terrain protocol / data handling: True
<INFO> 2022-07-10_00:26:49 [dsp_attributes]   Supports direct actuator control: False
<INFO> 2022-07-10_00:26:49 [dsp_attributes]   Supports the flight termination command: True
<INFO> 2022-07-10_00:26:49 [dsp_attributes]   Supports mission_float message type: True
<INFO> 2022-07-10_00:26:49 [dsp_attributes]   Supports onboard compass calibration: True
<INFO> 2022-07-10_00:26:49 [dsp_attributes] Global Location: LocationGlobal:lat=35.894087,lon=139.952447,alt=17.1
<INFO> 2022-07-10_00:26:49 [dsp_attributes] Global Location (relative altitude): LocationGlobalRelative:lat=35.894087,lon=139.952447,alt=-0.012
<INFO> 2022-07-10_00:26:49 [dsp_attributes] Local Location: LocationLocal:north=None,east=None,down=None
<INFO> 2022-07-10_00:26:49 [dsp_attributes] Attitude: Attitude:pitch=0.000565312569961,yaw=-0.150915652514,roll=0.000830851960927
<INFO> 2022-07-10_00:26:49 [dsp_attributes] Velocity: [-0.01, 0.01, 0.0]
<INFO> 2022-07-10_00:26:49 [dsp_attributes] GPS: GPSInfo:fix=6,num_sat=10
<INFO> 2022-07-10_00:26:49 [dsp_attributes] Gimbal status: Gimbal: pitch=None, roll=None, yaw=None
<INFO> 2022-07-10_00:26:49 [dsp_attributes] Battery: Battery:voltage=12.587,current=0.0,level=100
<INFO> 2022-07-10_00:26:49 [dsp_attributes] EKF OK?: False
<INFO> 2022-07-10_00:26:49 [dsp_attributes] Last Heartbeat: 0.0711071989999
<INFO> 2022-07-10_00:26:49 [dsp_attributes] Rangefinder: Rangefinder: distance=None, voltage=None
<INFO> 2022-07-10_00:26:49 [dsp_attributes] Rangefinder distance: None
<INFO> 2022-07-10_00:26:49 [dsp_attributes] Rangefinder voltage: None
<INFO> 2022-07-10_00:26:49 [dsp_attributes] Heading: 351
<INFO> 2022-07-10_00:26:49 [dsp_attributes] Is Armable?: False
<INFO> 2022-07-10_00:26:49 [dsp_attributes] System status: STANDBY
<INFO> 2022-07-10_00:26:49 [dsp_attributes] Groundspeed: 0.020234502852
<INFO> 2022-07-10_00:26:49 [dsp_attributes] Airspeed: 0.0
<INFO> 2022-07-10_00:26:49 [dsp_attributes] Mode: STABILIZE
<INFO> 2022-07-10_00:26:49 [dsp_attributes] Armed: False
<INFO> 2022-07-10_00:26:49 [dsp_attributes] ----------------------------------------------------------------

<DEBUG> 2022-07-10_00:26:49 [dsp_attributes] END
<DEBUG> 2022-07-10_00:26:49 [<module>] GUIDEDモードに設定
<DEBUG> 2022-07-10_00:26:49 [arm_and_takeoff] START
<INFO> 2022-07-10_00:27:05 [arm_and_takeoff] Vehicle Arm開始しています
<INFO> 2022-07-10_00:27:06 [arm_and_takeoff] Vehicle 離陸しています
<INFO> 2022-07-10_00:27:06 [arm_and_takeoff] Vehicle現在高度: 0.002
<INFO> 2022-07-10_00:27:07 [arm_and_takeoff] Vehicle現在高度: 0.002
<INFO> 2022-07-10_00:27:08 [arm_and_takeoff] Vehicle現在高度: 0.002
<INFO> 2022-07-10_00:27:09 [arm_and_takeoff] Vehicle現在高度: 0.265
<INFO> 2022-07-10_00:27:10 [arm_and_takeoff] Vehicle現在高度: 1.92
<INFO> 2022-07-10_00:27:11 [arm_and_takeoff] Vehicle現在高度: 2.862
<DEBUG> 2022-07-10_00:27:11 [arm_and_takeoff] END
<DEBUG> 2022-07-10_00:27:11 [<module>] ARMと離陸開始:3.0m
<INFO> 2022-07-10_00:27:11 [<module>] ARMと離陸完了:3.0m
<DEBUG> 2022-07-10_00:27:11 [<module>] Distance to waypoint (0): None
<DEBUG> 2022-07-10_00:27:11 [<module>] 現在のウェイポイントは[0]です。
<DEBUG> 2022-07-10_00:27:12 [<module>] Distance to waypoint (1): 275.202387655
<DEBUG> 2022-07-10_00:27:12 [<module>] 現在のウェイポイントは[1]です。
<DEBUG> 2022-07-10_00:27:13 [<module>] Distance to waypoint (1): 275.211839262
<DEBUG> 2022-07-10_00:27:13 [<module>] 現在のウェイポイントは[1]です。
<DEBUG> 2022-07-10_00:27:14 [<module>] Distance to waypoint (1): 275.211839262
<DEBUG> 2022-07-10_00:27:14 [<module>] 現在のウェイポイントは[1]です。
<DEBUG> 2022-07-10_00:27:15 [<module>] Distance to waypoint (1): 275.217720434
<DEBUG> 2022-07-10_00:27:15 [<module>] 現在のウェイポイントは[1]です。
<DEBUG> 2022-07-10_00:27:16 [<module>] Distance to waypoint (1): 275.217720434
<DEBUG> 2022-07-10_00:27:16 [<module>] 現在のウェイポイントは[1]です。
<DEBUG> 2022-07-10_00:27:17 [<module>] Distance to waypoint (1): 275.217720434
<DEBUG> 2022-07-10_00:27:17 [<module>] 現在のウェイポイントは[1]です。
<DEBUG> 2022-07-10_00:27:18 [<module>] Distance to waypoint (1): 275.217720434
<DEBUG> 2022-07-10_00:27:18 [<module>] 現在のウェイポイントは[1]です。
<DEBUG> 2022-07-10_00:27:19 [<module>] Distance to waypoint (1): 275.217720434
<DEBUG> 2022-07-10_00:27:19 [<module>] 現在のウェイポイントは[1]です。
<DEBUG> 2022-07-10_00:27:20 [<module>] Distance to waypoint (1): 275.223601929
<DEBUG> 2022-07-10_00:27:20 [<module>] 現在のウェイポイントは[1]です。
<DEBUG> 2022-07-10_00:27:21 [<module>] Distance to waypoint (1): 275.223601929
<DEBUG> 2022-07-10_00:27:21 [<module>] 現在のウェイポイントは[1]です。
<DEBUG> 2022-07-10_00:27:22 [<module>] Distance to waypoint (1): 275.238934875
<DEBUG> 2022-07-10_00:27:22 [<module>] 現在のウェイポイントは[1]です。
<DEBUG> 2022-07-10_00:27:23 [<module>] Distance to waypoint (1): 275.238934875
<DEBUG> 2022-07-10_00:27:23 [<module>] 現在のウェイポイントは[1]です。
<DEBUG> 2022-07-10_00:27:24 [<module>] Distance to waypoint (1): 275.248386127
<DEBUG> 2022-07-10_00:27:24 [<module>] 現在のウェイポイントは[1]です。
<DEBUG> 2022-07-10_00:27:25 [<module>] Distance to waypoint (1): 275.242504711
<DEBUG> 2022-07-10_00:27:25 [<module>] 現在のウェイポイントは[1]です。
<DEBUG> 2022-07-10_00:28:29 [<module>] Distance to waypoint (1): 275.233053257
<DEBUG> 2022-07-10_00:28:29 [<module>] 現在のウェイポイントは[1]です。
<DEBUG> 2022-07-10_00:28:30 [<module>] Distance to waypoint (1): 275.233053257
<DEBUG> 2022-07-10_00:28:30 [<module>] 現在のウェイポイントは[1]です。
<DEBUG> 2022-07-10_00:28:31 [<module>] Distance to waypoint (1): 275.233053257
<DEBUG> 2022-07-10_00:28:31 [<module>] 現在のウェイポイントは[1]です。
<DEBUG> 2022-07-10_00:28:32 [<module>] Distance to waypoint (1): 275.233053257
<DEBUG> 2022-07-10_00:28:32 [<module>] 現在のウェイポイントは[1]です。
<DEBUG> 2022-07-10_00:28:33 [<module>] Distance to waypoint (1): 275.233053257
<DEBUG> 2022-07-10_00:28:33 [<module>] 現在のウェイポイントは[1]です。
<DEBUG> 2022-07-10_00:28:34 [<module>] Distance to waypoint (1): 275.233053257
<DEBUG> 2022-07-10_00:28:34 [<module>] 現在のウェイポイントは[1]です。
<DEBUG> 2022-07-10_00:28:35 [<module>] Distance to waypoint (1): 275.233053257
<DEBUG> 2022-07-10_00:28:35 [<module>] 現在のウェイポイントは[1]です。
<DEBUG> 2022-07-10_00:28:36 [<module>] Distance to waypoint (1): 275.233053257
<DEBUG> 2022-07-10_00:28:36 [<module>] 現在のウェイポイントは[1]です。
<DEBUG> 2022-07-10_00:28:37 [<module>] Distance to waypoint (1): 275.233053257
<DEBUG> 2022-07-10_00:28:37 [<module>] 現在のウェイポイントは[1]です。
<DEBUG> 2022-07-10_00:28:38 [<module>] Distance to waypoint (1): 275.233053257
<DEBUG> 2022-07-10_00:28:38 [<module>] 現在のウェイポイントは[1]です。
<DEBUG> 2022-07-10_00:28:39 [<module>] Distance to waypoint (1): 275.233053257
<DEBUG> 2022-07-10_00:28:39 [<module>] 現在のウェイポイントは[1]です。
<DEBUG> 2022-07-10_00:28:40 [<module>] Distance to waypoint (1): 275.233053257
<DEBUG> 2022-07-10_00:28:40 [<module>] 現在のウェイポイントは[1]です。
<DEBUG> 2022-07-10_00:28:41 [<module>] Distance to waypoint (1): 275.233053257
<DEBUG> 2022-07-10_00:28:41 [<module>] 現在のウェイポイントは[1]です。
<DEBUG> 2022-07-10_00:28:42 [<module>] Distance to waypoint (1): 275.233053257
<DEBUG> 2022-07-10_00:28:42 [<module>] 現在のウェイポイントは[1]です。
<DEBUG> 2022-07-10_00:28:43 [<module>] Distance to waypoint (1): 275.233053257
<DEBUG> 2022-07-10_00:28:43 [<module>] 現在のウェイポイントは[1]です。
<DEBUG> 2022-07-10_00:28:44 [<module>] Distance to waypoint (1): 275.233053257
<DEBUG> 2022-07-10_00:28:44 [<module>] 現在のウェイポイントは[1]です。
<DEBUG> 2022-07-10_00:28:45 [<module>] Distance to waypoint (1): 275.233053257
<DEBUG> 2022-07-10_00:28:45 [<module>] 現在のウェイポイントは[1]です。
<DEBUG> 2022-07-10_00:28:46 [<module>] Distance to waypoint (1): 275.233053257
<DEBUG> 2022-07-10_00:28:46 [<module>] 現在のウェイポイントは[1]です。
<DEBUG> 2022-07-10_00:28:47 [<module>] Distance to waypoint (1): 275.233053257
<DEBUG> 2022-07-10_00:28:47 [<module>] 現在のウェイポイントは[1]です。
<DEBUG> 2022-07-10_00:28:48 [<module>] Distance to waypoint (1): 275.233053257
<DEBUG> 2022-07-10_00:28:48 [<module>] 現在のウェイポイントは[1]です。
<DEBUG> 2022-07-10_00:28:49 [<module>] Distance to waypoint (1): 275.233053257
<DEBUG> 2022-07-10_00:28:49 [<module>] 現在のウェイポイントは[1]です。
<DEBUG> 2022-07-10_00:28:50 [<module>] Distance to waypoint (2): 265.86179454
<DEBUG> 2022-07-10_00:28:50 [<module>] 現在のウェイポイントは[2]です。
<DEBUG> 2022-07-10_00:28:51 [<module>] Distance to waypoint (2): 265.517970445
<DEBUG> 2022-07-10_00:28:51 [<module>] 現在のウェイポイントは[2]です。
<DEBUG> 2022-07-10_00:28:52 [<module>] Distance to waypoint (2): 264.098267444
<DEBUG> 2022-07-10_00:28:52 [<module>] 現在のウェイポイントは[2]です。
<DEBUG> 2022-07-10_00:28:53 [<module>] Distance to waypoint (2): 260.774635288
<DEBUG> 2022-07-10_00:28:53 [<module>] 現在のウェイポイントは[2]です。
<DEBUG> 2022-07-10_00:28:54 [<module>] Distance to waypoint (2): 255.249495952
<DEBUG> 2022-07-10_00:28:54 [<module>] 現在のウェイポイントは[2]です。
<DEBUG> 2022-07-10_00:28:55 [<module>] Distance to waypoint (2): 247.566341533
<DEBUG> 2022-07-10_00:28:55 [<module>] 現在のウェイポイントは[2]です。
<DEBUG> 2022-07-10_00:28:56 [<module>] Distance to waypoint (2): 238.395114945
<DEBUG> 2022-07-10_00:28:56 [<module>] 現在のウェイポイントは[2]です。
<DEBUG> 2022-07-10_00:28:57 [<module>] Distance to waypoint (2): 228.535329008
<DEBUG> 2022-07-10_00:28:57 [<module>] 現在のウェイポイントは[2]です。
<DEBUG> 2022-07-10_00:28:58 [<module>] Distance to waypoint (2): 218.456099714
<DEBUG> 2022-07-10_00:28:58 [<module>] 現在のウェイポイントは[2]です。
<DEBUG> 2022-07-10_00:28:59 [<module>] Distance to waypoint (2): 208.292480632
<DEBUG> 2022-07-10_00:28:59 [<module>] 現在のウェイポイントは[2]です。
<DEBUG> 2022-07-10_00:29:00 [<module>] Distance to waypoint (2): 198.033799022
<DEBUG> 2022-07-10_00:29:00 [<module>] 現在のウェイポイントは[2]です。
<DEBUG> 2022-07-10_00:29:01 [<module>] Distance to waypoint (2): 187.715603579
<DEBUG> 2022-07-10_00:29:01 [<module>] 現在のウェイポイントは[2]です。
<DEBUG> 2022-07-10_00:29:02 [<module>] Distance to waypoint (2): 177.347663886
<DEBUG> 2022-07-10_00:29:02 [<module>] 現在のウェイポイントは[2]です。
<DEBUG> 2022-07-10_00:29:03 [<module>] Distance to waypoint (2): 166.979732384
<DEBUG> 2022-07-10_00:29:03 [<module>] 現在のウェイポイントは[2]です。
<DEBUG> 2022-07-10_00:29:04 [<module>] Distance to waypoint (2): 156.617136961
<DEBUG> 2022-07-10_00:29:04 [<module>] 現在のウェイポイントは[2]です。
<DEBUG> 2022-07-10_00:29:05 [<module>] Distance to waypoint (2): 146.234124248
<DEBUG> 2022-07-10_00:29:05 [<module>] 現在のウェイポイントは[2]です。
<DEBUG> 2022-07-10_00:29:06 [<module>] Distance to waypoint (2): 135.871547788
<DEBUG> 2022-07-10_00:29:06 [<module>] 現在のウェイポイントは[2]です。
<DEBUG> 2022-07-10_00:29:07 [<module>] Distance to waypoint (2): 125.448593905
<DEBUG> 2022-07-10_00:29:07 [<module>] 現在のウェイポイントは[2]です。
<DEBUG> 2022-07-10_00:29:08 [<module>] Distance to waypoint (2): 115.021199145
<DEBUG> 2022-07-10_00:29:08 [<module>] 現在のウェイポイントは[2]です。
<DEBUG> 2022-07-10_00:29:09 [<module>] Distance to waypoint (2): 104.593826604
<DEBUG> 2022-07-10_00:29:09 [<module>] 現在のウェイポイントは[2]です。
<DEBUG> 2022-07-10_00:29:10 [<module>] Distance to waypoint (2): 94.2011504703
<DEBUG> 2022-07-10_00:29:10 [<module>] 現在のウェイポイントは[2]です。
<DEBUG> 2022-07-10_00:29:11 [<module>] Distance to waypoint (2): 83.7685591201
<DEBUG> 2022-07-10_00:29:11 [<module>] 現在のウェイポイントは[2]です。
<DEBUG> 2022-07-10_00:29:12 [<module>] Distance to waypoint (2): 73.3413300167
<DEBUG> 2022-07-10_00:29:12 [<module>] 現在のウェイポイントは[2]です。
<DEBUG> 2022-07-10_00:29:13 [<module>] Distance to waypoint (2): 62.9141927602
<DEBUG> 2022-07-10_00:29:13 [<module>] 現在のウェイポイントは[2]です。
<DEBUG> 2022-07-10_00:29:14 [<module>] Distance to waypoint (2): 52.4917656361
<DEBUG> 2022-07-10_00:29:14 [<module>] 現在のウェイポイントは[2]です。
<DEBUG> 2022-07-10_00:29:15 [<module>] Distance to waypoint (2): 42.1050097779
<DEBUG> 2022-07-10_00:29:15 [<module>] 現在のウェイポイントは[2]です。
<DEBUG> 2022-07-10_00:29:16 [<module>] Distance to waypoint (2): 31.6638000629
<DEBUG> 2022-07-10_00:29:16 [<module>] 現在のウェイポイントは[2]です。
<DEBUG> 2022-07-10_00:29:17 [<module>] Distance to waypoint (2): 21.4530814976
<DEBUG> 2022-07-10_00:29:17 [<module>] 現在のウェイポイントは[2]です。
<DEBUG> 2022-07-10_00:29:18 [<module>] Distance to waypoint (2): 12.2871718915
<DEBUG> 2022-07-10_00:29:18 [<module>] 現在のウェイポイントは[2]です。
<DEBUG> 2022-07-10_00:29:19 [<module>] Distance to waypoint (2): 5.18065214071
<DEBUG> 2022-07-10_00:29:19 [<module>] 現在のウェイポイントは[2]です。
<DEBUG> 2022-07-10_00:29:20 [<module>] Distance to waypoint (2): 1.16210307045
<DEBUG> 2022-07-10_00:29:20 [<module>] 現在のウェイポイントは[2]です。
<DEBUG> 2022-07-10_00:29:21 [<module>] Distance to waypoint (3): 201.578420574
<DEBUG> 2022-07-10_00:29:21 [<module>] ウェイポイント3に到達したらウェイポイント5へスキップする
<DEBUG> 2022-07-10_00:29:21 [<module>] 現在のウェイポイントは[3]です。
<DEBUG> 2022-07-10_00:29:22 [<module>] Distance to waypoint (3): 198.26069079
<DEBUG> 2022-07-10_00:29:22 [<module>] ウェイポイント3に到達したらウェイポイント5へスキップする
<DEBUG> 2022-07-10_00:29:22 [<module>] 現在のウェイポイントは[3]です。
<DEBUG> 2022-07-10_00:29:23 [<module>] Distance to waypoint (3): 192.784082327
<DEBUG> 2022-07-10_00:29:23 [<module>] ウェイポイント3に到達したらウェイポイント5へスキップする
<DEBUG> 2022-07-10_00:29:23 [<module>] 現在のウェイポイントは[3]です。
<DEBUG> 2022-07-10_00:29:24 [<module>] Distance to waypoint (3): 185.737707948
<DEBUG> 2022-07-10_00:29:24 [<module>] ウェイポイント3に到達したらウェイポイント5へスキップする
<DEBUG> 2022-07-10_00:29:24 [<module>] 現在のウェイポイントは[3]です。
<DEBUG> 2022-07-10_00:29:25 [<module>] Distance to waypoint (3): 177.433450436
<DEBUG> 2022-07-10_00:29:25 [<module>] ウェイポイント3に到達したらウェイポイント5へスキップする
<DEBUG> 2022-07-10_00:29:25 [<module>] 現在のウェイポイントは[3]です。
<DEBUG> 2022-07-10_00:29:26 [<module>] Distance to waypoint (3): 168.405464126
<DEBUG> 2022-07-10_00:29:26 [<module>] ウェイポイント3に到達したらウェイポイント5へスキップする
<DEBUG> 2022-07-10_00:29:26 [<module>] 現在のウェイポイントは[3]です。
<DEBUG> 2022-07-10_00:29:27 [<module>] Distance to waypoint (3): 159.076875777
<DEBUG> 2022-07-10_00:29:27 [<module>] ウェイポイント3に到達したらウェイポイント5へスキップする
<DEBUG> 2022-07-10_00:29:27 [<module>] 現在のウェイポイントは[3]です。
<DEBUG> 2022-07-10_00:29:28 [<module>] Distance to waypoint (3): 149.536692592
<DEBUG> 2022-07-10_00:29:28 [<module>] ウェイポイント3に到達したらウェイポイント5へスキップする
<DEBUG> 2022-07-10_00:29:28 [<module>] 現在のウェイポイントは[3]です。
<DEBUG> 2022-07-10_00:29:29 [<module>] Distance to waypoint (3): 139.851708621
<DEBUG> 2022-07-10_00:29:29 [<module>] ウェイポイント3に到達したらウェイポイント5へスキップする
<DEBUG> 2022-07-10_00:29:29 [<module>] 現在のウェイポイントは[3]です。
<DEBUG> 2022-07-10_00:29:30 [<module>] Distance to waypoint (3): 130.088848365
<DEBUG> 2022-07-10_00:29:30 [<module>] ウェイポイント3に到達したらウェイポイント5へスキップする
<DEBUG> 2022-07-10_00:29:30 [<module>] 現在のウェイポイントは[3]です。
<DEBUG> 2022-07-10_00:29:31 [<module>] Distance to waypoint (3): 120.281463595
<DEBUG> 2022-07-10_00:29:31 [<module>] ウェイポイント3に到達したらウェイポイント5へスキップする
<DEBUG> 2022-07-10_00:29:31 [<module>] 現在のウェイポイントは[3]です。
<DEBUG> 2022-07-10_00:29:32 [<module>] Distance to waypoint (3): 110.384990982
<DEBUG> 2022-07-10_00:29:32 [<module>] ウェイポイント3に到達したらウェイポイント5へスキップする
<DEBUG> 2022-07-10_00:29:32 [<module>] 現在のウェイポイントは[3]です。
<DEBUG> 2022-07-10_00:29:33 [<module>] Distance to waypoint (3): 100.455133753
<DEBUG> 2022-07-10_00:29:33 [<module>] ウェイポイント3に到達したらウェイポイント5へスキップする
<DEBUG> 2022-07-10_00:29:33 [<module>] 現在のウェイポイントは[3]です。
<DEBUG> 2022-07-10_00:29:34 [<module>] Distance to waypoint (3): 90.5030273476
<DEBUG> 2022-07-10_00:29:34 [<module>] ウェイポイント3に到達したらウェイポイント5へスキップする
<DEBUG> 2022-07-10_00:29:34 [<module>] 現在のウェイポイントは[3]です。
<DEBUG> 2022-07-10_00:29:35 [<module>] Distance to waypoint (3): 80.5509409635
<DEBUG> 2022-07-10_00:29:35 [<module>] ウェイポイント3に到達したらウェイポイント5へスキップする
<DEBUG> 2022-07-10_00:29:35 [<module>] 現在のウェイポイントは[3]です。
<DEBUG> 2022-07-10_00:29:36 [<module>] Distance to waypoint (3): 70.5988830688
<DEBUG> 2022-07-10_00:29:36 [<module>] ウェイポイント3に到達したらウェイポイント5へスキップする
<DEBUG> 2022-07-10_00:29:36 [<module>] 現在のウェイポイントは[3]です。
<DEBUG> 2022-07-10_00:29:37 [<module>] Distance to waypoint (3): 60.6246037879
<DEBUG> 2022-07-10_00:29:37 [<module>] ウェイポイント3に到達したらウェイポイント5へスキップする
<DEBUG> 2022-07-10_00:29:37 [<module>] 現在のウェイポイントは[3]です。
<DEBUG> 2022-07-10_00:29:38 [<module>] Distance to waypoint (3): 50.6170072523
<DEBUG> 2022-07-10_00:29:38 [<module>] ウェイポイント3に到達したらウェイポイント5へスキップする
<DEBUG> 2022-07-10_00:29:38 [<module>] 現在のウェイポイントは[3]です。
<DEBUG> 2022-07-10_00:29:39 [<module>] Distance to waypoint (3): 40.5984063171
<DEBUG> 2022-07-10_00:29:39 [<module>] ウェイポイント3に到達したらウェイポイント5へスキップする
<DEBUG> 2022-07-10_00:29:39 [<module>] 現在のウェイポイントは[3]です。
<DEBUG> 2022-07-10_00:29:40 [<module>] Distance to waypoint (3): 30.6023156899
<DEBUG> 2022-07-10_00:29:40 [<module>] ウェイポイント3に到達したらウェイポイント5へスキップする
<DEBUG> 2022-07-10_00:29:40 [<module>] 現在のウェイポイントは[3]です。
<DEBUG> 2022-07-10_00:29:41 [<module>] Distance to waypoint (3): 20.874116047
<DEBUG> 2022-07-10_00:29:41 [<module>] ウェイポイント3に到達したらウェイポイント5へスキップする
<DEBUG> 2022-07-10_00:29:41 [<module>] 現在のウェイポイントは[3]です。
<DEBUG> 2022-07-10_00:29:42 [<module>] Distance to waypoint (3): 12.1718036319
<DEBUG> 2022-07-10_00:29:42 [<module>] ウェイポイント3に到達したらウェイポイント5へスキップする
<DEBUG> 2022-07-10_00:29:42 [<module>] 現在のウェイポイントは[3]です。
<DEBUG> 2022-07-10_00:29:43 [<module>] Distance to waypoint (3): 5.40716065673
<DEBUG> 2022-07-10_00:29:43 [<module>] ウェイポイント3に到達したらウェイポイント5へスキップする
<DEBUG> 2022-07-10_00:29:43 [<module>] 現在のウェイポイントは[3]です。
<DEBUG> 2022-07-10_00:29:44 [<module>] Distance to waypoint (3): 1.81505412161
<DEBUG> 2022-07-10_00:29:44 [<module>] ウェイポイント3に到達したらウェイポイント5へスキップする
<DEBUG> 2022-07-10_00:29:44 [<module>] 現在のウェイポイントは[3]です。
<DEBUG> 2022-07-10_00:29:45 [<module>] Distance to waypoint (4): 267.891394418
<DEBUG> 2022-07-10_00:29:45 [<module>] 現在のウェイポイントは[4]です。
<DEBUG> 2022-07-10_00:29:46 [<module>] Distance to waypoint (4): 261.995102215
<DEBUG> 2022-07-10_00:29:46 [<module>] 現在のウェイポイントは[4]です。
<DEBUG> 2022-07-10_00:29:47 [<module>] Distance to waypoint (4): 253.316115548
<DEBUG> 2022-07-10_00:29:47 [<module>] 現在のウェイポイントは[4]です。
<DEBUG> 2022-07-10_00:29:48 [<module>] Distance to waypoint (4): 242.666756835
<DEBUG> 2022-07-10_00:29:48 [<module>] 現在のウェイポイントは[4]です。
<DEBUG> 2022-07-10_00:29:49 [<module>] Distance to waypoint (4): 231.061315768
<DEBUG> 2022-07-10_00:29:49 [<module>] 現在のウェイポイントは[4]です。
<DEBUG> 2022-07-10_00:29:50 [<module>] Distance to waypoint (4): 219.090963402
<DEBUG> 2022-07-10_00:29:50 [<module>] 現在のウェイポイントは[4]です。
<DEBUG> 2022-07-10_00:29:51 [<module>] Distance to waypoint (4): 206.988081174
<DEBUG> 2022-07-10_00:29:51 [<module>] 現在のウェイポイントは[4]です。
<DEBUG> 2022-07-10_00:29:52 [<module>] Distance to waypoint (4): 194.84128541
<DEBUG> 2022-07-10_00:29:52 [<module>] 現在のウェイポイントは[4]です。
<DEBUG> 2022-07-10_00:29:53 [<module>] Distance to waypoint (4): 182.627709471
<DEBUG> 2022-07-10_00:29:53 [<module>] 現在のウェイポイントは[4]です。
<DEBUG> 2022-07-10_00:29:54 [<module>] Distance to waypoint (4): 170.402800864
<DEBUG> 2022-07-10_00:29:54 [<module>] 現在のウェイポイントは[4]です。
<DEBUG> 2022-07-10_00:29:55 [<module>] Distance to waypoint (4): 158.155835381
<DEBUG> 2022-07-10_00:29:55 [<module>] 現在のウェイポイントは[4]です。
<DEBUG> 2022-07-10_00:29:56 [<module>] Distance to waypoint (4): 145.897740844
<DEBUG> 2022-07-10_00:29:56 [<module>] 現在のウェイポイントは[4]です。
<DEBUG> 2022-07-10_00:29:57 [<module>] Distance to waypoint (4): 133.639647641
<DEBUG> 2022-07-10_00:29:57 [<module>] 現在のウェイポイントは[4]です。
<DEBUG> 2022-07-10_00:29:58 [<module>] Distance to waypoint (4): 121.325906077
<DEBUG> 2022-07-10_00:29:58 [<module>] 現在のウェイポイントは[4]です。
<DEBUG> 2022-07-10_00:29:59 [<module>] Distance to waypoint (4): 105.906065659
<DEBUG> 2022-07-10_00:29:59 [<module>] 現在のウェイポイントは[4]です。
<DEBUG> 2022-07-10_00:30:00 [<module>] Distance to waypoint (4): 93.5478139066
<DEBUG> 2022-07-10_00:30:00 [<module>] 現在のウェイポイントは[4]です。
<DEBUG> 2022-07-10_00:30:01 [<module>] Distance to waypoint (4): 81.2452183046
<DEBUG> 2022-07-10_00:30:01 [<module>] 現在のウェイポイントは[4]です。
<DEBUG> 2022-07-10_00:30:02 [<module>] Distance to waypoint (4): 68.9537622359
<DEBUG> 2022-07-10_00:30:02 [<module>] 現在のウェイポイントは[4]です。
<DEBUG> 2022-07-10_00:30:03 [<module>] Distance to waypoint (4): 56.6066739435
<DEBUG> 2022-07-10_00:30:03 [<module>] 現在のウェイポイントは[4]です。
<DEBUG> 2022-07-10_00:30:04 [<module>] Distance to waypoint (4): 44.2373580573
<DEBUG> 2022-07-10_00:30:04 [<module>] 現在のウェイポイントは[4]です。
<DEBUG> 2022-07-10_00:30:05 [<module>] Distance to waypoint (4): 31.9014982394
<DEBUG> 2022-07-10_00:30:05 [<module>] 現在のウェイポイントは[4]です。
<DEBUG> 2022-07-10_00:30:06 [<module>] Distance to waypoint (4): 20.2894501002
<DEBUG> 2022-07-10_00:30:06 [<module>] 現在のウェイポイントは[4]です。
<DEBUG> 2022-07-10_00:30:07 [<module>] Distance to waypoint (4): 10.4923456397
<DEBUG> 2022-07-10_00:30:07 [<module>] 現在のウェイポイントは[4]です。
<DEBUG> 2022-07-10_00:30:08 [<module>] Distance to waypoint (4): 3.51776665465
<DEBUG> 2022-07-10_00:30:08 [<module>] 現在のウェイポイントは[4]です。
<DEBUG> 2022-07-10_00:30:09 [<module>] Distance to waypoint (5): 213.738066957
<DEBUG> 2022-07-10_00:30:09 [<module>] 最終目的地に向かう際、「標準」ミッションを終了する (5)
<INFO> 2022-07-10_00:30:09 [<module>] Close vehicle object
<INFO> 2022-07-10_00:30:09 [<module>] プログラム終了
